model dir: example_evoracle_out/
----------
Iter 0/99 at 2021-02-24 21:31:24.877993
Loss | Marginal 5.802E-01, Fitness 9.989E-01, Cat. skew -2.646E-05; Total 3.001E+01
----------
Iter 1/99 at 2021-02-24 21:31:25.037986
Loss | Marginal 5.401E-01, Fitness 9.844E-01, Cat. skew -2.792E-05; Total 2.799E+01
----------
Iter 2/99 at 2021-02-24 21:31:25.196860
Loss | Marginal 5.033E-01, Fitness 9.575E-01, Cat. skew -2.705E-05; Total 2.612E+01
----------
Iter 3/99 at 2021-02-24 21:31:25.353084
Loss | Marginal 4.695E-01, Fitness 9.408E-01, Cat. skew -2.682E-05; Total 2.442E+01
----------
Iter 4/99 at 2021-02-24 21:31:25.510528
Loss | Marginal 4.387E-01, Fitness 9.287E-01, Cat. skew -2.724E-05; Total 2.287E+01
----------
Iter 5/99 at 2021-02-24 21:31:25.667122
Loss | Marginal 4.108E-01, Fitness 9.159E-01, Cat. skew -2.794E-05; Total 2.145E+01
----------
Iter 6/99 at 2021-02-24 21:31:25.823774
Loss | Marginal 3.854E-01, Fitness 9.036E-01, Cat. skew -2.851E-05; Total 2.017E+01
----------
Iter 7/99 at 2021-02-24 21:31:25.980362
Loss | Marginal 3.623E-01, Fitness 8.933E-01, Cat. skew -2.876E-05; Total 1.901E+01
----------
Iter 8/99 at 2021-02-24 21:31:26.136804
Loss | Marginal 3.415E-01, Fitness 8.843E-01, Cat. skew -2.876E-05; Total 1.796E+01
----------
Iter 9/99 at 2021-02-24 21:31:26.294795
Loss | Marginal 3.225E-01, Fitness 8.747E-01, Cat. skew -2.864E-05; Total 1.700E+01
----------
Iter 10/99 at 2021-02-24 21:31:26.451155
Loss | Marginal 3.053E-01, Fitness 8.638E-01, Cat. skew -2.856E-05; Total 1.613E+01
----------
Iter 11/99 at 2021-02-24 21:31:26.607886
Loss | Marginal 2.895E-01, Fitness 8.520E-01, Cat. skew -2.865E-05; Total 1.533E+01
----------
Iter 12/99 at 2021-02-24 21:31:26.764380
Loss | Marginal 2.751E-01, Fitness 8.399E-01, Cat. skew -2.899E-05; Total 1.459E+01
----------
Iter 13/99 at 2021-02-24 21:31:26.920415
Loss | Marginal 2.618E-01, Fitness 8.274E-01, Cat. skew -2.963E-05; Total 1.392E+01
----------
Iter 14/99 at 2021-02-24 21:31:27.077118
Loss | Marginal 2.496E-01, Fitness 8.141E-01, Cat. skew -3.059E-05; Total 1.329E+01
----------
Iter 15/99 at 2021-02-24 21:31:27.234370
Loss | Marginal 2.382E-01, Fitness 7.999E-01, Cat. skew -3.189E-05; Total 1.271E+01
----------
Iter 16/99 at 2021-02-24 21:31:27.392574
Loss | Marginal 2.277E-01, Fitness 7.852E-01, Cat. skew -3.352E-05; Total 1.217E+01
----------
Iter 17/99 at 2021-02-24 21:31:27.549134
Loss | Marginal 2.179E-01, Fitness 7.703E-01, Cat. skew -3.545E-05; Total 1.167E+01
----------
Iter 18/99 at 2021-02-24 21:31:27.705080
Loss | Marginal 2.087E-01, Fitness 7.555E-01, Cat. skew -3.767E-05; Total 1.119E+01
----------
Iter 19/99 at 2021-02-24 21:31:27.861341
Loss | Marginal 2.001E-01, Fitness 7.406E-01, Cat. skew -4.019E-05; Total 1.075E+01
----------
Iter 20/99 at 2021-02-24 21:31:28.018229
Loss | Marginal 1.920E-01, Fitness 7.257E-01, Cat. skew -4.299E-05; Total 1.033E+01
----------
Iter 21/99 at 2021-02-24 21:31:28.174152
Loss | Marginal 1.843E-01, Fitness 7.111E-01, Cat. skew -4.609E-05; Total 9.927E+00
----------
Iter 22/99 at 2021-02-24 21:31:28.332412
Loss | Marginal 1.770E-01, Fitness 6.968E-01, Cat. skew -4.953E-05; Total 9.548E+00
----------
Iter 23/99 at 2021-02-24 21:31:28.489346
Loss | Marginal 1.701E-01, Fitness 6.832E-01, Cat. skew -5.335E-05; Total 9.187E+00
----------
Iter 24/99 at 2021-02-24 21:31:28.645457
Loss | Marginal 1.634E-01, Fitness 6.703E-01, Cat. skew -5.759E-05; Total 8.841E+00
----------
Iter 25/99 at 2021-02-24 21:31:28.801018
Loss | Marginal 1.570E-01, Fitness 6.580E-01, Cat. skew -6.233E-05; Total 8.510E+00
----------
Iter 26/99 at 2021-02-24 21:31:28.957652
Loss | Marginal 1.509E-01, Fitness 6.463E-01, Cat. skew -6.763E-05; Total 8.193E+00
----------
Iter 27/99 at 2021-02-24 21:31:29.114243
Loss | Marginal 1.450E-01, Fitness 6.355E-01, Cat. skew -7.355E-05; Total 7.888E+00
----------
Iter 28/99 at 2021-02-24 21:31:29.270337
Loss | Marginal 1.394E-01, Fitness 6.252E-01, Cat. skew -8.017E-05; Total 7.594E+00
----------
Iter 29/99 at 2021-02-24 21:31:29.428462
Loss | Marginal 1.339E-01, Fitness 6.153E-01, Cat. skew -8.756E-05; Total 7.310E+00
----------
Iter 30/99 at 2021-02-24 21:31:29.585043
Loss | Marginal 1.286E-01, Fitness 6.059E-01, Cat. skew -9.578E-05; Total 7.037E+00
----------
Iter 31/99 at 2021-02-24 21:31:29.741807
Loss | Marginal 1.235E-01, Fitness 5.967E-01, Cat. skew -1.049E-04; Total 6.773E+00
----------
Iter 32/99 at 2021-02-24 21:31:29.898712
Loss | Marginal 1.186E-01, Fitness 5.876E-01, Cat. skew -1.149E-04; Total 6.518E+00
----------
Iter 33/99 at 2021-02-24 21:31:30.055154
Loss | Marginal 1.139E-01, Fitness 5.785E-01, Cat. skew -1.259E-04; Total 6.272E+00
----------
Iter 34/99 at 2021-02-24 21:31:30.211224
Loss | Marginal 1.093E-01, Fitness 5.692E-01, Cat. skew -1.378E-04; Total 6.034E+00
----------
Iter 35/99 at 2021-02-24 21:31:30.368764
Loss | Marginal 1.049E-01, Fitness 5.597E-01, Cat. skew -1.505E-04; Total 5.804E+00
----------
Iter 36/99 at 2021-02-24 21:31:30.525376
Loss | Marginal 1.007E-01, Fitness 5.499E-01, Cat. skew -1.639E-04; Total 5.583E+00
----------
Iter 37/99 at 2021-02-24 21:31:30.681594
Loss | Marginal 9.659E-02, Fitness 5.399E-01, Cat. skew -1.780E-04; Total 5.370E+00
----------
Iter 38/99 at 2021-02-24 21:31:30.837946
Loss | Marginal 9.269E-02, Fitness 5.297E-01, Cat. skew -1.925E-04; Total 5.164E+00
----------
Iter 39/99 at 2021-02-24 21:31:30.994535
Loss | Marginal 8.894E-02, Fitness 5.193E-01, Cat. skew -2.074E-04; Total 4.966E+00
----------
Iter 40/99 at 2021-02-24 21:31:31.150737
Loss | Marginal 8.535E-02, Fitness 5.088E-01, Cat. skew -2.225E-04; Total 4.776E+00
----------
Iter 41/99 at 2021-02-24 21:31:31.306408
Loss | Marginal 8.190E-02, Fitness 4.983E-01, Cat. skew -2.378E-04; Total 4.593E+00
----------
Iter 42/99 at 2021-02-24 21:31:31.465027
Loss | Marginal 7.859E-02, Fitness 4.878E-01, Cat. skew -2.535E-04; Total 4.417E+00
----------
Iter 43/99 at 2021-02-24 21:31:31.621879
Loss | Marginal 7.541E-02, Fitness 4.775E-01, Cat. skew -2.698E-04; Total 4.248E+00
----------
Iter 44/99 at 2021-02-24 21:31:31.779820
Loss | Marginal 7.234E-02, Fitness 4.673E-01, Cat. skew -2.869E-04; Total 4.084E+00
----------
Iter 45/99 at 2021-02-24 21:31:31.936143
Loss | Marginal 6.939E-02, Fitness 4.573E-01, Cat. skew -3.055E-04; Total 3.927E+00
----------
Iter 46/99 at 2021-02-24 21:31:32.093023
Loss | Marginal 6.654E-02, Fitness 4.474E-01, Cat. skew -3.260E-04; Total 3.774E+00
----------
Iter 47/99 at 2021-02-24 21:31:32.474718
Loss | Marginal 6.378E-02, Fitness 4.377E-01, Cat. skew -3.492E-04; Total 3.627E+00
----------
Iter 48/99 at 2021-02-24 21:31:32.631714
Loss | Marginal 6.111E-02, Fitness 4.282E-01, Cat. skew -3.761E-04; Total 3.484E+00
----------
Iter 49/99 at 2021-02-24 21:31:32.787558
Loss | Marginal 5.852E-02, Fitness 4.189E-01, Cat. skew -4.074E-04; Total 3.345E+00
----------
Iter 50/99 at 2021-02-24 21:31:32.944695
Loss | Marginal 5.599E-02, Fitness 4.100E-01, Cat. skew -4.442E-04; Total 3.210E+00
----------
Iter 51/99 at 2021-02-24 21:31:33.101051
Loss | Marginal 5.352E-02, Fitness 4.015E-01, Cat. skew -4.873E-04; Total 3.078E+00
----------
Iter 52/99 at 2021-02-24 21:31:33.258248
Loss | Marginal 5.110E-02, Fitness 3.935E-01, Cat. skew -5.377E-04; Total 2.948E+00
----------
Iter 53/99 at 2021-02-24 21:31:33.415236
Loss | Marginal 4.871E-02, Fitness 3.861E-01, Cat. skew -5.962E-04; Total 2.822E+00
----------
Iter 54/99 at 2021-02-24 21:31:33.571787
Loss | Marginal 4.635E-02, Fitness 3.792E-01, Cat. skew -6.638E-04; Total 2.697E+00
----------
Iter 55/99 at 2021-02-24 21:31:33.728011
Loss | Marginal 4.401E-02, Fitness 3.728E-01, Cat. skew -7.412E-04; Total 2.573E+00
----------
Iter 56/99 at 2021-02-24 21:31:33.884828
Loss | Marginal 4.168E-02, Fitness 3.669E-01, Cat. skew -8.295E-04; Total 2.451E+00
----------
Iter 57/99 at 2021-02-24 21:31:34.041600
Loss | Marginal 3.936E-02, Fitness 3.615E-01, Cat. skew -9.299E-04; Total 2.330E+00
----------
Iter 58/99 at 2021-02-24 21:31:34.198396
Loss | Marginal 3.706E-02, Fitness 3.564E-01, Cat. skew -1.044E-03; Total 2.209E+00
----------
Iter 59/99 at 2021-02-24 21:31:34.354960
Loss | Marginal 3.478E-02, Fitness 3.515E-01, Cat. skew -1.173E-03; Total 2.090E+00
----------
Iter 60/99 at 2021-02-24 21:31:34.513566
Loss | Marginal 3.254E-02, Fitness 3.467E-01, Cat. skew -1.319E-03; Total 1.974E+00
----------
Iter 61/99 at 2021-02-24 21:31:34.670360
Loss | Marginal 3.035E-02, Fitness 3.421E-01, Cat. skew -1.483E-03; Total 1.860E+00
----------
Iter 62/99 at 2021-02-24 21:31:34.826966
Loss | Marginal 2.826E-02, Fitness 3.376E-01, Cat. skew -1.665E-03; Total 1.750E+00
----------
Iter 63/99 at 2021-02-24 21:31:34.984026
Loss | Marginal 2.628E-02, Fitness 3.333E-01, Cat. skew -1.866E-03; Total 1.647E+00
----------
Iter 64/99 at 2021-02-24 21:31:35.141062
Loss | Marginal 2.444E-02, Fitness 3.292E-01, Cat. skew -2.082E-03; Total 1.551E+00
----------
Iter 65/99 at 2021-02-24 21:31:35.297332
Loss | Marginal 2.278E-02, Fitness 3.253E-01, Cat. skew -2.309E-03; Total 1.464E+00
----------
Iter 66/99 at 2021-02-24 21:31:35.453852
Loss | Marginal 2.130E-02, Fitness 3.217E-01, Cat. skew -2.544E-03; Total 1.387E+00
----------
Iter 67/99 at 2021-02-24 21:31:35.611693
Loss | Marginal 2.003E-02, Fitness 3.185E-01, Cat. skew -2.780E-03; Total 1.320E+00
----------
Iter 68/99 at 2021-02-24 21:31:35.767667
Loss | Marginal 1.895E-02, Fitness 3.156E-01, Cat. skew -3.012E-03; Total 1.263E+00
----------
Iter 69/99 at 2021-02-24 21:31:35.925206
Loss | Marginal 1.805E-02, Fitness 3.130E-01, Cat. skew -3.235E-03; Total 1.216E+00
----------
Iter 70/99 at 2021-02-24 21:31:36.081762
Loss | Marginal 1.733E-02, Fitness 3.106E-01, Cat. skew -3.443E-03; Total 1.177E+00
----------
Iter 71/99 at 2021-02-24 21:31:36.238303
Loss | Marginal 1.676E-02, Fitness 3.085E-01, Cat. skew -3.634E-03; Total 1.147E+00
----------
Iter 72/99 at 2021-02-24 21:31:36.394463
Loss | Marginal 1.632E-02, Fitness 3.065E-01, Cat. skew -3.806E-03; Total 1.122E+00
----------
Iter 73/99 at 2021-02-24 21:31:36.551177
Loss | Marginal 1.597E-02, Fitness 3.046E-01, Cat. skew -3.956E-03; Total 1.103E+00
----------
Iter 74/99 at 2021-02-24 21:31:36.709221
Loss | Marginal 1.571E-02, Fitness 3.028E-01, Cat. skew -4.085E-03; Total 1.088E+00
----------
Iter 75/99 at 2021-02-24 21:31:36.865491
Loss | Marginal 1.549E-02, Fitness 3.010E-01, Cat. skew -4.194E-03; Total 1.076E+00
----------
Iter 76/99 at 2021-02-24 21:31:37.022536
Loss | Marginal 1.532E-02, Fitness 2.993E-01, Cat. skew -4.283E-03; Total 1.065E+00
----------
Iter 77/99 at 2021-02-24 21:31:37.178837
Loss | Marginal 1.518E-02, Fitness 2.978E-01, Cat. skew -4.356E-03; Total 1.057E+00
----------
Iter 78/99 at 2021-02-24 21:31:37.335349
Loss | Marginal 1.505E-02, Fitness 2.966E-01, Cat. skew -4.413E-03; Total 1.049E+00
----------
Iter 79/99 at 2021-02-24 21:31:37.492294
Loss | Marginal 1.492E-02, Fitness 2.957E-01, Cat. skew -4.457E-03; Total 1.042E+00
----------
Iter 80/99 at 2021-02-24 21:31:37.650289
Loss | Marginal 1.481E-02, Fitness 2.951E-01, Cat. skew -4.490E-03; Total 1.035E+00
----------
Iter 81/99 at 2021-02-24 21:31:37.806455
Loss | Marginal 1.469E-02, Fitness 2.948E-01, Cat. skew -4.513E-03; Total 1.029E+00
----------
Iter 82/99 at 2021-02-24 21:31:37.963527
Loss | Marginal 1.457E-02, Fitness 2.948E-01, Cat. skew -4.527E-03; Total 1.023E+00
----------
Iter 83/99 at 2021-02-24 21:31:38.120266
Loss | Marginal 1.446E-02, Fitness 2.950E-01, Cat. skew -4.535E-03; Total 1.018E+00
----------
Iter 84/99 at 2021-02-24 21:31:38.276884
Loss | Marginal 1.434E-02, Fitness 2.954E-01, Cat. skew -4.538E-03; Total 1.012E+00
----------
Iter 85/99 at 2021-02-24 21:31:38.433517
Loss | Marginal 1.423E-02, Fitness 2.957E-01, Cat. skew -4.537E-03; Total 1.007E+00
----------
Iter 86/99 at 2021-02-24 21:31:38.590292
Loss | Marginal 1.413E-02, Fitness 2.959E-01, Cat. skew -4.533E-03; Total 1.002E+00
----------
Iter 87/99 at 2021-02-24 21:31:38.748383
Loss | Marginal 1.403E-02, Fitness 2.959E-01, Cat. skew -4.527E-03; Total 9.975E-01
----------
Iter 88/99 at 2021-02-24 21:31:38.905555
Loss | Marginal 1.394E-02, Fitness 2.957E-01, Cat. skew -4.521E-03; Total 9.926E-01
----------
Iter 89/99 at 2021-02-24 21:31:39.061574
Loss | Marginal 1.385E-02, Fitness 2.952E-01, Cat. skew -4.514E-03; Total 9.877E-01
----------
Iter 90/99 at 2021-02-24 21:31:39.218167
Loss | Marginal 1.377E-02, Fitness 2.943E-01, Cat. skew -4.508E-03; Total 9.828E-01
----------
Iter 91/99 at 2021-02-24 21:31:39.374536
Loss | Marginal 1.370E-02, Fitness 2.932E-01, Cat. skew -4.502E-03; Total 9.780E-01
----------
Iter 92/99 at 2021-02-24 21:31:39.531413
Loss | Marginal 1.363E-02, Fitness 2.919E-01, Cat. skew -4.497E-03; Total 9.732E-01
----------
Iter 93/99 at 2021-02-24 21:31:39.687927
Loss | Marginal 1.356E-02, Fitness 2.905E-01, Cat. skew -4.493E-03; Total 9.686E-01
----------
Iter 94/99 at 2021-02-24 21:31:39.846066
Loss | Marginal 1.350E-02, Fitness 2.891E-01, Cat. skew -4.490E-03; Total 9.640E-01
----------
Iter 95/99 at 2021-02-24 21:31:40.003099
Loss | Marginal 1.344E-02, Fitness 2.877E-01, Cat. skew -4.488E-03; Total 9.595E-01
----------
Iter 96/99 at 2021-02-24 21:31:40.160264
Loss | Marginal 1.338E-02, Fitness 2.864E-01, Cat. skew -4.486E-03; Total 9.551E-01
----------
Iter 97/99 at 2021-02-24 21:31:40.316949
Loss | Marginal 1.332E-02, Fitness 2.851E-01, Cat. skew -4.485E-03; Total 9.510E-01
----------
Iter 98/99 at 2021-02-24 21:31:40.473678
Loss | Marginal 1.327E-02, Fitness 2.839E-01, Cat. skew -4.484E-03; Total 9.472E-01
----------
Iter 99/99 at 2021-02-24 21:31:40.630189
Loss | Marginal 1.322E-02, Fitness 2.827E-01, Cat. skew -4.482E-03; Total 9.437E-01
Training Completed in 0m 16s
