model dir: example_evoracle_out/
----------
Iter 0/999 at 2021-02-23 23:14:27.229849
Loss | Marginal 7.210E-01, Fitness 9.866E-01, Cat. skew -6.272E-05; Total 3.704E+01
----------
Iter 1/999 at 2021-02-23 23:14:27.355928
Loss | Marginal 6.741E-01, Fitness 9.638E-01, Cat. skew -5.305E-05; Total 3.467E+01
----------
Iter 2/999 at 2021-02-23 23:14:27.485130
Loss | Marginal 6.304E-01, Fitness 9.327E-01, Cat. skew -4.623E-05; Total 3.245E+01
----------
Iter 3/999 at 2021-02-23 23:14:27.610482
Loss | Marginal 5.900E-01, Fitness 9.131E-01, Cat. skew -4.241E-05; Total 3.041E+01
----------
Iter 4/999 at 2021-02-23 23:14:27.740957
Loss | Marginal 5.526E-01, Fitness 8.986E-01, Cat. skew -4.133E-05; Total 2.853E+01
----------
Iter 5/999 at 2021-02-23 23:14:27.867179
Loss | Marginal 5.182E-01, Fitness 8.833E-01, Cat. skew -4.275E-05; Total 2.679E+01
----------
Iter 6/999 at 2021-02-23 23:14:27.991438
Loss | Marginal 4.866E-01, Fitness 8.685E-01, Cat. skew -4.646E-05; Total 2.520E+01
----------
Iter 7/999 at 2021-02-23 23:14:28.115796
Loss | Marginal 4.577E-01, Fitness 8.564E-01, Cat. skew -5.222E-05; Total 2.374E+01
----------
Iter 8/999 at 2021-02-23 23:14:28.240844
Loss | Marginal 4.312E-01, Fitness 8.469E-01, Cat. skew -5.977E-05; Total 2.241E+01
----------
Iter 9/999 at 2021-02-23 23:14:28.371795
Loss | Marginal 4.069E-01, Fitness 8.380E-01, Cat. skew -6.881E-05; Total 2.118E+01
----------
Iter 10/999 at 2021-02-23 23:14:28.502054
Loss | Marginal 3.846E-01, Fitness 8.287E-01, Cat. skew -7.900E-05; Total 2.006E+01
----------
Iter 11/999 at 2021-02-23 23:14:28.631905
Loss | Marginal 3.642E-01, Fitness 8.193E-01, Cat. skew -8.989E-05; Total 1.903E+01
----------
Iter 12/999 at 2021-02-23 23:14:28.760065
Loss | Marginal 3.455E-01, Fitness 8.105E-01, Cat. skew -1.010E-04; Total 1.808E+01
----------
Iter 13/999 at 2021-02-23 23:14:28.884574
Loss | Marginal 3.282E-01, Fitness 8.022E-01, Cat. skew -1.118E-04; Total 1.721E+01
----------
Iter 14/999 at 2021-02-23 23:14:29.008846
Loss | Marginal 3.122E-01, Fitness 7.935E-01, Cat. skew -1.219E-04; Total 1.641E+01
----------
Iter 15/999 at 2021-02-23 23:14:29.133093
Loss | Marginal 2.974E-01, Fitness 7.841E-01, Cat. skew -1.309E-04; Total 1.566E+01
----------
Iter 16/999 at 2021-02-23 23:14:29.258844
Loss | Marginal 2.837E-01, Fitness 7.740E-01, Cat. skew -1.385E-04; Total 1.496E+01
----------
Iter 17/999 at 2021-02-23 23:14:29.392707
Loss | Marginal 2.709E-01, Fitness 7.634E-01, Cat. skew -1.449E-04; Total 1.431E+01
----------
Iter 18/999 at 2021-02-23 23:14:29.526020
Loss | Marginal 2.589E-01, Fitness 7.526E-01, Cat. skew -1.499E-04; Total 1.370E+01
----------
Iter 19/999 at 2021-02-23 23:14:29.654054
Loss | Marginal 2.477E-01, Fitness 7.413E-01, Cat. skew -1.538E-04; Total 1.313E+01
----------
Iter 20/999 at 2021-02-23 23:14:29.784373
Loss | Marginal 2.371E-01, Fitness 7.296E-01, Cat. skew -1.571E-04; Total 1.259E+01
----------
Iter 21/999 at 2021-02-23 23:14:29.910737
Loss | Marginal 2.272E-01, Fitness 7.176E-01, Cat. skew -1.599E-04; Total 1.208E+01
----------
Iter 22/999 at 2021-02-23 23:14:30.037977
Loss | Marginal 2.177E-01, Fitness 7.055E-01, Cat. skew -1.629E-04; Total 1.159E+01
----------
Iter 23/999 at 2021-02-23 23:14:30.164116
Loss | Marginal 2.088E-01, Fitness 6.934E-01, Cat. skew -1.663E-04; Total 1.113E+01
----------
Iter 24/999 at 2021-02-23 23:14:30.289337
Loss | Marginal 2.004E-01, Fitness 6.812E-01, Cat. skew -1.706E-04; Total 1.070E+01
----------
Iter 25/999 at 2021-02-23 23:14:30.417941
Loss | Marginal 1.923E-01, Fitness 6.692E-01, Cat. skew -1.762E-04; Total 1.029E+01
----------
Iter 26/999 at 2021-02-23 23:14:30.545012
Loss | Marginal 1.847E-01, Fitness 6.574E-01, Cat. skew -1.832E-04; Total 9.891E+00
----------
Iter 27/999 at 2021-02-23 23:14:30.670655
Loss | Marginal 1.774E-01, Fitness 6.458E-01, Cat. skew -1.920E-04; Total 9.515E+00
----------
Iter 28/999 at 2021-02-23 23:14:30.796939
Loss | Marginal 1.705E-01, Fitness 6.344E-01, Cat. skew -2.026E-04; Total 9.157E+00
----------
Iter 29/999 at 2021-02-23 23:14:30.923398
Loss | Marginal 1.638E-01, Fitness 6.235E-01, Cat. skew -2.152E-04; Total 8.816E+00
----------
Iter 30/999 at 2021-02-23 23:14:31.054639
Loss | Marginal 1.575E-01, Fitness 6.129E-01, Cat. skew -2.298E-04; Total 8.490E+00
----------
Iter 31/999 at 2021-02-23 23:14:31.186118
Loss | Marginal 1.515E-01, Fitness 6.027E-01, Cat. skew -2.465E-04; Total 8.180E+00
----------
Iter 32/999 at 2021-02-23 23:14:31.310274
Loss | Marginal 1.458E-01, Fitness 5.928E-01, Cat. skew -2.651E-04; Total 7.884E+00
----------
Iter 33/999 at 2021-02-23 23:14:31.439088
Loss | Marginal 1.404E-01, Fitness 5.834E-01, Cat. skew -2.856E-04; Total 7.602E+00
----------
Iter 34/999 at 2021-02-23 23:14:31.563825
Loss | Marginal 1.352E-01, Fitness 5.742E-01, Cat. skew -3.079E-04; Total 7.333E+00
----------
Iter 35/999 at 2021-02-23 23:14:31.688181
Loss | Marginal 1.302E-01, Fitness 5.654E-01, Cat. skew -3.320E-04; Total 7.077E+00
----------
Iter 36/999 at 2021-02-23 23:14:31.812449
Loss | Marginal 1.255E-01, Fitness 5.567E-01, Cat. skew -3.576E-04; Total 6.832E+00
----------
Iter 37/999 at 2021-02-23 23:14:31.945060
Loss | Marginal 1.210E-01, Fitness 5.482E-01, Cat. skew -3.848E-04; Total 6.598E+00
----------
Iter 38/999 at 2021-02-23 23:14:32.080282
Loss | Marginal 1.167E-01, Fitness 5.398E-01, Cat. skew -4.134E-04; Total 6.374E+00
----------
Iter 39/999 at 2021-02-23 23:14:32.206603
Loss | Marginal 1.126E-01, Fitness 5.316E-01, Cat. skew -4.435E-04; Total 6.160E+00
----------
Iter 40/999 at 2021-02-23 23:14:32.331521
Loss | Marginal 1.086E-01, Fitness 5.234E-01, Cat. skew -4.752E-04; Total 5.955E+00
----------
Iter 41/999 at 2021-02-23 23:14:32.457169
Loss | Marginal 1.048E-01, Fitness 5.153E-01, Cat. skew -5.088E-04; Total 5.758E+00
----------
Iter 42/999 at 2021-02-23 23:14:32.583868
Loss | Marginal 1.012E-01, Fitness 5.075E-01, Cat. skew -5.445E-04; Total 5.569E+00
----------
Iter 43/999 at 2021-02-23 23:14:32.708986
Loss | Marginal 9.775E-02, Fitness 4.999E-01, Cat. skew -5.830E-04; Total 5.387E+00
----------
Iter 44/999 at 2021-02-23 23:14:32.835618
Loss | Marginal 9.441E-02, Fitness 4.926E-01, Cat. skew -6.247E-04; Total 5.213E+00
----------
Iter 45/999 at 2021-02-23 23:14:32.962746
Loss | Marginal 9.119E-02, Fitness 4.857E-01, Cat. skew -6.705E-04; Total 5.045E+00
----------
Iter 46/999 at 2021-02-23 23:14:33.090894
Loss | Marginal 8.809E-02, Fitness 4.792E-01, Cat. skew -7.213E-04; Total 4.884E+00
----------
Iter 47/999 at 2021-02-23 23:14:33.215933
Loss | Marginal 8.510E-02, Fitness 4.731E-01, Cat. skew -7.780E-04; Total 4.728E+00
----------
Iter 48/999 at 2021-02-23 23:14:33.341031
Loss | Marginal 8.221E-02, Fitness 4.673E-01, Cat. skew -8.417E-04; Total 4.578E+00
----------
Iter 49/999 at 2021-02-23 23:14:33.466229
Loss | Marginal 7.941E-02, Fitness 4.619E-01, Cat. skew -9.136E-04; Total 4.432E+00
----------
Iter 50/999 at 2021-02-23 23:14:33.593088
Loss | Marginal 7.670E-02, Fitness 4.566E-01, Cat. skew -9.949E-04; Total 4.292E+00
----------
Iter 51/999 at 2021-02-23 23:14:33.721827
Loss | Marginal 7.408E-02, Fitness 4.515E-01, Cat. skew -1.087E-03; Total 4.156E+00
----------
Iter 52/999 at 2021-02-23 23:14:33.846596
Loss | Marginal 7.154E-02, Fitness 4.465E-01, Cat. skew -1.191E-03; Total 4.024E+00
----------
Iter 53/999 at 2021-02-23 23:14:33.971172
Loss | Marginal 6.908E-02, Fitness 4.415E-01, Cat. skew -1.309E-03; Total 3.896E+00
----------
Iter 54/999 at 2021-02-23 23:14:34.095753
Loss | Marginal 6.669E-02, Fitness 4.366E-01, Cat. skew -1.441E-03; Total 3.771E+00
----------
Iter 55/999 at 2021-02-23 23:14:34.220074
Loss | Marginal 6.438E-02, Fitness 4.315E-01, Cat. skew -1.590E-03; Total 3.650E+00
----------
Iter 56/999 at 2021-02-23 23:14:34.344058
Loss | Marginal 6.214E-02, Fitness 4.261E-01, Cat. skew -1.755E-03; Total 3.533E+00
----------
Iter 57/999 at 2021-02-23 23:14:34.468551
Loss | Marginal 5.997E-02, Fitness 4.203E-01, Cat. skew -1.938E-03; Total 3.419E+00
----------
Iter 58/999 at 2021-02-23 23:14:34.594527
Loss | Marginal 5.789E-02, Fitness 4.139E-01, Cat. skew -2.137E-03; Total 3.308E+00
----------
Iter 59/999 at 2021-02-23 23:14:34.721691
Loss | Marginal 5.589E-02, Fitness 4.068E-01, Cat. skew -2.352E-03; Total 3.201E+00
----------
Iter 60/999 at 2021-02-23 23:14:34.846447
Loss | Marginal 5.398E-02, Fitness 3.990E-01, Cat. skew -2.581E-03; Total 3.098E+00
----------
Iter 61/999 at 2021-02-23 23:14:34.971157
Loss | Marginal 5.216E-02, Fitness 3.905E-01, Cat. skew -2.823E-03; Total 2.999E+00
----------
Iter 62/999 at 2021-02-23 23:14:35.096086
Loss | Marginal 5.045E-02, Fitness 3.816E-01, Cat. skew -3.074E-03; Total 2.904E+00
----------
Iter 63/999 at 2021-02-23 23:14:35.220146
Loss | Marginal 4.885E-02, Fitness 3.722E-01, Cat. skew -3.334E-03; Total 2.815E+00
----------
Iter 64/999 at 2021-02-23 23:14:35.345206
Loss | Marginal 4.736E-02, Fitness 3.628E-01, Cat. skew -3.598E-03; Total 2.731E+00
----------
Iter 65/999 at 2021-02-23 23:14:35.469621
Loss | Marginal 4.600E-02, Fitness 3.534E-01, Cat. skew -3.864E-03; Total 2.653E+00
----------
Iter 66/999 at 2021-02-23 23:14:35.593522
Loss | Marginal 4.476E-02, Fitness 3.443E-01, Cat. skew -4.130E-03; Total 2.582E+00
----------
Iter 67/999 at 2021-02-23 23:14:35.719505
Loss | Marginal 4.364E-02, Fitness 3.357E-01, Cat. skew -4.392E-03; Total 2.518E+00
----------
Iter 68/999 at 2021-02-23 23:14:35.843700
Loss | Marginal 4.265E-02, Fitness 3.277E-01, Cat. skew -4.646E-03; Total 2.460E+00
----------
Iter 69/999 at 2021-02-23 23:14:35.968596
Loss | Marginal 4.179E-02, Fitness 3.205E-01, Cat. skew -4.890E-03; Total 2.410E+00
----------
Iter 70/999 at 2021-02-23 23:14:36.100690
Loss | Marginal 4.104E-02, Fitness 3.141E-01, Cat. skew -5.120E-03; Total 2.366E+00
----------
Iter 71/999 at 2021-02-23 23:14:36.226420
Loss | Marginal 4.039E-02, Fitness 3.085E-01, Cat. skew -5.335E-03; Total 2.328E+00
----------
Iter 72/999 at 2021-02-23 23:14:36.351598
Loss | Marginal 3.984E-02, Fitness 3.037E-01, Cat. skew -5.531E-03; Total 2.296E+00
----------
Iter 73/999 at 2021-02-23 23:14:36.479825
Loss | Marginal 3.937E-02, Fitness 2.997E-01, Cat. skew -5.710E-03; Total 2.268E+00
----------
Iter 74/999 at 2021-02-23 23:14:36.606558
Loss | Marginal 3.896E-02, Fitness 2.965E-01, Cat. skew -5.871E-03; Total 2.244E+00
----------
Iter 75/999 at 2021-02-23 23:14:36.732554
Loss | Marginal 3.860E-02, Fitness 2.941E-01, Cat. skew -6.015E-03; Total 2.224E+00
----------
Iter 76/999 at 2021-02-23 23:14:36.862143
Loss | Marginal 3.828E-02, Fitness 2.924E-01, Cat. skew -6.143E-03; Total 2.206E+00
----------
Iter 77/999 at 2021-02-23 23:14:36.991587
Loss | Marginal 3.798E-02, Fitness 2.915E-01, Cat. skew -6.256E-03; Total 2.191E+00
----------
Iter 78/999 at 2021-02-23 23:14:37.121678
Loss | Marginal 3.772E-02, Fitness 2.912E-01, Cat. skew -6.357E-03; Total 2.177E+00
----------
Iter 79/999 at 2021-02-23 23:14:37.246688
Loss | Marginal 3.747E-02, Fitness 2.913E-01, Cat. skew -6.444E-03; Total 2.165E+00
----------
Iter 80/999 at 2021-02-23 23:14:37.371141
Loss | Marginal 3.725E-02, Fitness 2.918E-01, Cat. skew -6.521E-03; Total 2.154E+00
----------
Iter 81/999 at 2021-02-23 23:14:37.496144
Loss | Marginal 3.706E-02, Fitness 2.924E-01, Cat. skew -6.588E-03; Total 2.145E+00
----------
Iter 82/999 at 2021-02-23 23:14:37.621836
Loss | Marginal 3.688E-02, Fitness 2.930E-01, Cat. skew -6.646E-03; Total 2.137E+00
----------
Iter 83/999 at 2021-02-23 23:14:37.752052
Loss | Marginal 3.672E-02, Fitness 2.935E-01, Cat. skew -6.696E-03; Total 2.130E+00
----------
Iter 84/999 at 2021-02-23 23:14:37.879072
Loss | Marginal 3.658E-02, Fitness 2.939E-01, Cat. skew -6.738E-03; Total 2.123E+00
----------
Iter 85/999 at 2021-02-23 23:14:38.003352
Loss | Marginal 3.646E-02, Fitness 2.940E-01, Cat. skew -6.773E-03; Total 2.117E+00
----------
Iter 86/999 at 2021-02-23 23:14:38.132601
Loss | Marginal 3.634E-02, Fitness 2.940E-01, Cat. skew -6.802E-03; Total 2.111E+00
----------
Iter 87/999 at 2021-02-23 23:14:38.259704
Loss | Marginal 3.624E-02, Fitness 2.937E-01, Cat. skew -6.825E-03; Total 2.106E+00
----------
Iter 88/999 at 2021-02-23 23:14:38.386065
Loss | Marginal 3.615E-02, Fitness 2.931E-01, Cat. skew -6.844E-03; Total 2.101E+00
----------
Iter 89/999 at 2021-02-23 23:14:38.515257
Loss | Marginal 3.607E-02, Fitness 2.924E-01, Cat. skew -6.858E-03; Total 2.096E+00
----------
Iter 90/999 at 2021-02-23 23:14:38.643824
Loss | Marginal 3.600E-02, Fitness 2.915E-01, Cat. skew -6.869E-03; Total 2.091E+00
----------
Iter 91/999 at 2021-02-23 23:14:38.776517
Loss | Marginal 3.593E-02, Fitness 2.905E-01, Cat. skew -6.877E-03; Total 2.087E+00
----------
Iter 92/999 at 2021-02-23 23:14:38.906802
Loss | Marginal 3.587E-02, Fitness 2.893E-01, Cat. skew -6.884E-03; Total 2.083E+00
----------
Iter 93/999 at 2021-02-23 23:14:39.030913
Loss | Marginal 3.582E-02, Fitness 2.881E-01, Cat. skew -6.888E-03; Total 2.079E+00
----------
Iter 94/999 at 2021-02-23 23:14:39.157575
Loss | Marginal 3.577E-02, Fitness 2.869E-01, Cat. skew -6.892E-03; Total 2.075E+00
----------
Iter 95/999 at 2021-02-23 23:14:39.281680
Loss | Marginal 3.572E-02, Fitness 2.857E-01, Cat. skew -6.894E-03; Total 2.072E+00
----------
Iter 96/999 at 2021-02-23 23:14:39.405970
Loss | Marginal 3.567E-02, Fitness 2.847E-01, Cat. skew -6.897E-03; Total 2.068E+00
----------
Iter 97/999 at 2021-02-23 23:14:39.529461
Loss | Marginal 3.563E-02, Fitness 2.837E-01, Cat. skew -6.899E-03; Total 2.065E+00
----------
Iter 98/999 at 2021-02-23 23:14:39.661846
Loss | Marginal 3.559E-02, Fitness 2.828E-01, Cat. skew -6.901E-03; Total 2.062E+00
----------
Iter 99/999 at 2021-02-23 23:14:39.790175
Loss | Marginal 3.555E-02, Fitness 2.820E-01, Cat. skew -6.904E-03; Total 2.060E+00
----------
Iter 100/999 at 2021-02-23 23:14:39.919542
Loss | Marginal 3.551E-02, Fitness 2.813E-01, Cat. skew -6.908E-03; Total 2.057E+00
----------
Iter 101/999 at 2021-02-23 23:14:40.051330
Loss | Marginal 3.548E-02, Fitness 2.807E-01, Cat. skew -6.912E-03; Total 2.054E+00
----------
Iter 102/999 at 2021-02-23 23:14:40.179985
Loss | Marginal 3.544E-02, Fitness 2.801E-01, Cat. skew -6.917E-03; Total 2.052E+00
----------
Iter 103/999 at 2021-02-23 23:14:40.306112
Loss | Marginal 3.540E-02, Fitness 2.797E-01, Cat. skew -6.922E-03; Total 2.050E+00
----------
Iter 104/999 at 2021-02-23 23:14:40.432459
Loss | Marginal 3.536E-02, Fitness 2.793E-01, Cat. skew -6.929E-03; Total 2.047E+00
----------
Iter 105/999 at 2021-02-23 23:14:40.559637
Loss | Marginal 3.532E-02, Fitness 2.791E-01, Cat. skew -6.936E-03; Total 2.045E+00
----------
Iter 106/999 at 2021-02-23 23:14:40.687059
Loss | Marginal 3.528E-02, Fitness 2.788E-01, Cat. skew -6.944E-03; Total 2.043E+00
----------
Iter 107/999 at 2021-02-23 23:14:40.814099
Loss | Marginal 3.524E-02, Fitness 2.787E-01, Cat. skew -6.951E-03; Total 2.040E+00
----------
Iter 108/999 at 2021-02-23 23:14:40.938805
Loss | Marginal 3.520E-02, Fitness 2.785E-01, Cat. skew -6.959E-03; Total 2.038E+00
----------
Iter 109/999 at 2021-02-23 23:14:41.065795
Loss | Marginal 3.516E-02, Fitness 2.784E-01, Cat. skew -6.966E-03; Total 2.036E+00
----------
Iter 110/999 at 2021-02-23 23:14:41.190803
Loss | Marginal 3.512E-02, Fitness 2.782E-01, Cat. skew -6.973E-03; Total 2.034E+00
----------
Iter 111/999 at 2021-02-23 23:14:41.319100
Loss | Marginal 3.509E-02, Fitness 2.779E-01, Cat. skew -6.979E-03; Total 2.032E+00
----------
Iter 112/999 at 2021-02-23 23:14:41.446911
Loss | Marginal 3.506E-02, Fitness 2.776E-01, Cat. skew -6.985E-03; Total 2.031E+00
----------
Iter 113/999 at 2021-02-23 23:14:41.574976
Loss | Marginal 3.504E-02, Fitness 2.772E-01, Cat. skew -6.990E-03; Total 2.029E+00
----------
Iter 114/999 at 2021-02-23 23:14:41.702368
Loss | Marginal 3.501E-02, Fitness 2.768E-01, Cat. skew -6.995E-03; Total 2.027E+00
----------
Iter 115/999 at 2021-02-23 23:14:41.828026
Loss | Marginal 3.499E-02, Fitness 2.763E-01, Cat. skew -6.999E-03; Total 2.026E+00
----------
Iter 116/999 at 2021-02-23 23:14:41.957778
Loss | Marginal 3.497E-02, Fitness 2.758E-01, Cat. skew -7.003E-03; Total 2.024E+00
----------
Iter 117/999 at 2021-02-23 23:14:42.085470
Loss | Marginal 3.495E-02, Fitness 2.753E-01, Cat. skew -7.007E-03; Total 2.023E+00
----------
Iter 118/999 at 2021-02-23 23:14:42.210674
Loss | Marginal 3.493E-02, Fitness 2.748E-01, Cat. skew -7.010E-03; Total 2.021E+00
----------
Iter 119/999 at 2021-02-23 23:14:42.337297
Loss | Marginal 3.491E-02, Fitness 2.743E-01, Cat. skew -7.014E-03; Total 2.020E+00
----------
Iter 120/999 at 2021-02-23 23:14:42.465719
Loss | Marginal 3.489E-02, Fitness 2.738E-01, Cat. skew -7.017E-03; Total 2.018E+00
----------
Iter 121/999 at 2021-02-23 23:14:42.596271
Loss | Marginal 3.487E-02, Fitness 2.734E-01, Cat. skew -7.020E-03; Total 2.017E+00
----------
Iter 122/999 at 2021-02-23 23:14:42.726765
Loss | Marginal 3.485E-02, Fitness 2.729E-01, Cat. skew -7.023E-03; Total 2.016E+00
----------
Iter 123/999 at 2021-02-23 23:14:42.856375
Loss | Marginal 3.484E-02, Fitness 2.725E-01, Cat. skew -7.026E-03; Total 2.014E+00
----------
Iter 124/999 at 2021-02-23 23:14:42.981293
Loss | Marginal 3.482E-02, Fitness 2.721E-01, Cat. skew -7.028E-03; Total 2.013E+00
----------
Iter 125/999 at 2021-02-23 23:14:43.104891
Loss | Marginal 3.480E-02, Fitness 2.717E-01, Cat. skew -7.030E-03; Total 2.012E+00
----------
Iter 126/999 at 2021-02-23 23:14:43.233735
Loss | Marginal 3.478E-02, Fitness 2.714E-01, Cat. skew -7.032E-03; Total 2.011E+00
----------
Iter 127/999 at 2021-02-23 23:14:43.362311
Loss | Marginal 3.477E-02, Fitness 2.711E-01, Cat. skew -7.033E-03; Total 2.009E+00
----------
Iter 128/999 at 2021-02-23 23:14:43.488793
Loss | Marginal 3.475E-02, Fitness 2.709E-01, Cat. skew -7.035E-03; Total 2.008E+00
----------
Iter 129/999 at 2021-02-23 23:14:43.618628
Loss | Marginal 3.473E-02, Fitness 2.707E-01, Cat. skew -7.036E-03; Total 2.007E+00
----------
Iter 130/999 at 2021-02-23 23:14:43.750817
Loss | Marginal 3.471E-02, Fitness 2.705E-01, Cat. skew -7.037E-03; Total 2.006E+00
----------
Iter 131/999 at 2021-02-23 23:14:43.875351
Loss | Marginal 3.469E-02, Fitness 2.704E-01, Cat. skew -7.038E-03; Total 2.005E+00
----------
Iter 132/999 at 2021-02-23 23:14:44.006658
Loss | Marginal 3.468E-02, Fitness 2.702E-01, Cat. skew -7.039E-03; Total 2.004E+00
----------
Iter 133/999 at 2021-02-23 23:14:44.135320
Loss | Marginal 3.466E-02, Fitness 2.701E-01, Cat. skew -7.040E-03; Total 2.003E+00
----------
Iter 134/999 at 2021-02-23 23:14:44.268496
Loss | Marginal 3.464E-02, Fitness 2.700E-01, Cat. skew -7.041E-03; Total 2.002E+00
----------
Iter 135/999 at 2021-02-23 23:14:44.399609
Loss | Marginal 3.463E-02, Fitness 2.699E-01, Cat. skew -7.043E-03; Total 2.001E+00
----------
Iter 136/999 at 2021-02-23 23:14:44.531906
Loss | Marginal 3.461E-02, Fitness 2.698E-01, Cat. skew -7.044E-03; Total 2.000E+00
----------
Iter 137/999 at 2021-02-23 23:14:44.662562
Loss | Marginal 3.460E-02, Fitness 2.697E-01, Cat. skew -7.045E-03; Total 1.999E+00
----------
Iter 138/999 at 2021-02-23 23:14:44.787191
Loss | Marginal 3.458E-02, Fitness 2.696E-01, Cat. skew -7.047E-03; Total 1.999E+00
----------
Iter 139/999 at 2021-02-23 23:14:44.913039
Loss | Marginal 3.457E-02, Fitness 2.694E-01, Cat. skew -7.049E-03; Total 1.998E+00
----------
Iter 140/999 at 2021-02-23 23:14:45.038557
Loss | Marginal 3.456E-02, Fitness 2.693E-01, Cat. skew -7.051E-03; Total 1.997E+00
----------
Iter 141/999 at 2021-02-23 23:14:45.433717
Loss | Marginal 3.454E-02, Fitness 2.692E-01, Cat. skew -7.053E-03; Total 1.996E+00
----------
Iter 142/999 at 2021-02-23 23:14:45.559957
Loss | Marginal 3.453E-02, Fitness 2.691E-01, Cat. skew -7.055E-03; Total 1.995E+00
----------
Iter 143/999 at 2021-02-23 23:14:45.686415
Loss | Marginal 3.452E-02, Fitness 2.689E-01, Cat. skew -7.058E-03; Total 1.995E+00
----------
Iter 144/999 at 2021-02-23 23:14:45.816518
Loss | Marginal 3.450E-02, Fitness 2.688E-01, Cat. skew -7.061E-03; Total 1.994E+00
----------
Iter 145/999 at 2021-02-23 23:14:45.947198
Loss | Marginal 3.449E-02, Fitness 2.687E-01, Cat. skew -7.063E-03; Total 1.993E+00
----------
Iter 146/999 at 2021-02-23 23:14:46.073927
Loss | Marginal 3.448E-02, Fitness 2.685E-01, Cat. skew -7.066E-03; Total 1.992E+00
----------
Iter 147/999 at 2021-02-23 23:14:46.197978
Loss | Marginal 3.447E-02, Fitness 2.684E-01, Cat. skew -7.069E-03; Total 1.992E+00
----------
Iter 148/999 at 2021-02-23 23:14:46.322876
Loss | Marginal 3.446E-02, Fitness 2.682E-01, Cat. skew -7.072E-03; Total 1.991E+00
----------
Iter 149/999 at 2021-02-23 23:14:46.448835
Loss | Marginal 3.445E-02, Fitness 2.680E-01, Cat. skew -7.075E-03; Total 1.990E+00
----------
Iter 150/999 at 2021-02-23 23:14:46.572993
Loss | Marginal 3.444E-02, Fitness 2.679E-01, Cat. skew -7.078E-03; Total 1.990E+00
----------
Iter 151/999 at 2021-02-23 23:14:46.697666
Loss | Marginal 3.443E-02, Fitness 2.677E-01, Cat. skew -7.081E-03; Total 1.989E+00
----------
Iter 152/999 at 2021-02-23 23:14:46.830284
Loss | Marginal 3.442E-02, Fitness 2.675E-01, Cat. skew -7.084E-03; Total 1.988E+00
----------
Iter 153/999 at 2021-02-23 23:14:46.956749
Loss | Marginal 3.441E-02, Fitness 2.673E-01, Cat. skew -7.087E-03; Total 1.987E+00
----------
Iter 154/999 at 2021-02-23 23:14:47.084232
Loss | Marginal 3.440E-02, Fitness 2.671E-01, Cat. skew -7.090E-03; Total 1.987E+00
----------
Iter 155/999 at 2021-02-23 23:14:47.210350
Loss | Marginal 3.439E-02, Fitness 2.669E-01, Cat. skew -7.092E-03; Total 1.986E+00
----------
Iter 156/999 at 2021-02-23 23:14:47.336511
Loss | Marginal 3.438E-02, Fitness 2.667E-01, Cat. skew -7.095E-03; Total 1.985E+00
----------
Iter 157/999 at 2021-02-23 23:14:47.460787
Loss | Marginal 3.437E-02, Fitness 2.665E-01, Cat. skew -7.098E-03; Total 1.985E+00
----------
Iter 158/999 at 2021-02-23 23:14:47.587407
Loss | Marginal 3.436E-02, Fitness 2.663E-01, Cat. skew -7.101E-03; Total 1.984E+00
----------
Iter 159/999 at 2021-02-23 23:14:47.718596
Loss | Marginal 3.435E-02, Fitness 2.662E-01, Cat. skew -7.103E-03; Total 1.984E+00
----------
Iter 160/999 at 2021-02-23 23:14:47.843423
Loss | Marginal 3.434E-02, Fitness 2.660E-01, Cat. skew -7.106E-03; Total 1.983E+00
----------
Iter 161/999 at 2021-02-23 23:14:47.967786
Loss | Marginal 3.433E-02, Fitness 2.658E-01, Cat. skew -7.108E-03; Total 1.982E+00
----------
Iter 162/999 at 2021-02-23 23:14:48.100382
Loss | Marginal 3.432E-02, Fitness 2.657E-01, Cat. skew -7.110E-03; Total 1.982E+00
----------
Iter 163/999 at 2021-02-23 23:14:48.225330
Loss | Marginal 3.431E-02, Fitness 2.655E-01, Cat. skew -7.112E-03; Total 1.981E+00
----------
Iter 164/999 at 2021-02-23 23:14:48.354028
Loss | Marginal 3.430E-02, Fitness 2.654E-01, Cat. skew -7.114E-03; Total 1.980E+00
----------
Iter 165/999 at 2021-02-23 23:14:48.484456
Loss | Marginal 3.429E-02, Fitness 2.652E-01, Cat. skew -7.116E-03; Total 1.980E+00
----------
Iter 166/999 at 2021-02-23 23:14:48.611436
Loss | Marginal 3.428E-02, Fitness 2.650E-01, Cat. skew -7.118E-03; Total 1.979E+00
----------
Iter 167/999 at 2021-02-23 23:14:48.737392
Loss | Marginal 3.428E-02, Fitness 2.649E-01, Cat. skew -7.120E-03; Total 1.979E+00
----------
Iter 168/999 at 2021-02-23 23:14:48.861880
Loss | Marginal 3.427E-02, Fitness 2.647E-01, Cat. skew -7.121E-03; Total 1.978E+00
----------
Iter 169/999 at 2021-02-23 23:14:48.985639
Loss | Marginal 3.426E-02, Fitness 2.646E-01, Cat. skew -7.123E-03; Total 1.977E+00
----------
Iter 170/999 at 2021-02-23 23:14:49.109385
Loss | Marginal 3.425E-02, Fitness 2.644E-01, Cat. skew -7.124E-03; Total 1.977E+00
----------
Iter 171/999 at 2021-02-23 23:14:49.233554
Loss | Marginal 3.424E-02, Fitness 2.642E-01, Cat. skew -7.125E-03; Total 1.976E+00
----------
Iter 172/999 at 2021-02-23 23:14:49.357950
Loss | Marginal 3.423E-02, Fitness 2.641E-01, Cat. skew -7.127E-03; Total 1.976E+00
----------
Iter 173/999 at 2021-02-23 23:14:49.482757
Loss | Marginal 3.422E-02, Fitness 2.639E-01, Cat. skew -7.128E-03; Total 1.975E+00
----------
Iter 174/999 at 2021-02-23 23:14:49.608632
Loss | Marginal 3.421E-02, Fitness 2.638E-01, Cat. skew -7.129E-03; Total 1.974E+00
----------
Iter 175/999 at 2021-02-23 23:14:49.733382
Loss | Marginal 3.420E-02, Fitness 2.637E-01, Cat. skew -7.131E-03; Total 1.974E+00
----------
Iter 176/999 at 2021-02-23 23:14:49.857495
Loss | Marginal 3.419E-02, Fitness 2.635E-01, Cat. skew -7.132E-03; Total 1.973E+00
----------
Iter 177/999 at 2021-02-23 23:14:49.981562
Loss | Marginal 3.418E-02, Fitness 2.634E-01, Cat. skew -7.134E-03; Total 1.973E+00
----------
Iter 178/999 at 2021-02-23 23:14:50.106259
Loss | Marginal 3.417E-02, Fitness 2.633E-01, Cat. skew -7.135E-03; Total 1.972E+00
----------
Iter 179/999 at 2021-02-23 23:14:50.233346
Loss | Marginal 3.416E-02, Fitness 2.632E-01, Cat. skew -7.137E-03; Total 1.971E+00
----------
Iter 180/999 at 2021-02-23 23:14:50.365528
Loss | Marginal 3.416E-02, Fitness 2.631E-01, Cat. skew -7.139E-03; Total 1.971E+00
----------
Iter 181/999 at 2021-02-23 23:14:50.499700
Loss | Marginal 3.415E-02, Fitness 2.630E-01, Cat. skew -7.141E-03; Total 1.970E+00
----------
Iter 182/999 at 2021-02-23 23:14:50.628309
Loss | Marginal 3.414E-02, Fitness 2.630E-01, Cat. skew -7.143E-03; Total 1.970E+00
----------
Iter 183/999 at 2021-02-23 23:14:50.757252
Loss | Marginal 3.413E-02, Fitness 2.629E-01, Cat. skew -7.145E-03; Total 1.969E+00
----------
Iter 184/999 at 2021-02-23 23:14:50.885573
Loss | Marginal 3.412E-02, Fitness 2.628E-01, Cat. skew -7.147E-03; Total 1.969E+00
----------
Iter 185/999 at 2021-02-23 23:14:51.013221
Loss | Marginal 3.411E-02, Fitness 2.628E-01, Cat. skew -7.150E-03; Total 1.968E+00
----------
Iter 186/999 at 2021-02-23 23:14:51.140608
Loss | Marginal 3.410E-02, Fitness 2.627E-01, Cat. skew -7.153E-03; Total 1.968E+00
----------
Iter 187/999 at 2021-02-23 23:14:51.270854
Loss | Marginal 3.409E-02, Fitness 2.627E-01, Cat. skew -7.157E-03; Total 1.967E+00
----------
Iter 188/999 at 2021-02-23 23:14:51.399927
Loss | Marginal 3.408E-02, Fitness 2.626E-01, Cat. skew -7.161E-03; Total 1.967E+00
----------
Iter 189/999 at 2021-02-23 23:14:51.524544
Loss | Marginal 3.407E-02, Fitness 2.626E-01, Cat. skew -7.164E-03; Total 1.966E+00
----------
Iter 190/999 at 2021-02-23 23:14:51.652294
Loss | Marginal 3.407E-02, Fitness 2.625E-01, Cat. skew -7.168E-03; Total 1.966E+00
----------
Iter 191/999 at 2021-02-23 23:14:51.776972
Loss | Marginal 3.406E-02, Fitness 2.625E-01, Cat. skew -7.171E-03; Total 1.965E+00
----------
Iter 192/999 at 2021-02-23 23:14:51.901595
Loss | Marginal 3.405E-02, Fitness 2.624E-01, Cat. skew -7.174E-03; Total 1.965E+00
----------
Iter 193/999 at 2021-02-23 23:14:52.027316
Loss | Marginal 3.405E-02, Fitness 2.623E-01, Cat. skew -7.176E-03; Total 1.965E+00
----------
Iter 194/999 at 2021-02-23 23:14:52.156227
Loss | Marginal 3.404E-02, Fitness 2.623E-01, Cat. skew -7.179E-03; Total 1.964E+00
----------
Iter 195/999 at 2021-02-23 23:14:52.285763
Loss | Marginal 3.403E-02, Fitness 2.622E-01, Cat. skew -7.181E-03; Total 1.964E+00
----------
Iter 196/999 at 2021-02-23 23:14:52.411318
Loss | Marginal 3.402E-02, Fitness 2.621E-01, Cat. skew -7.182E-03; Total 1.963E+00
----------
Iter 197/999 at 2021-02-23 23:14:52.535043
Loss | Marginal 3.402E-02, Fitness 2.621E-01, Cat. skew -7.184E-03; Total 1.963E+00
----------
Iter 198/999 at 2021-02-23 23:14:52.659340
Loss | Marginal 3.401E-02, Fitness 2.620E-01, Cat. skew -7.185E-03; Total 1.962E+00
----------
Iter 199/999 at 2021-02-23 23:14:52.784369
Loss | Marginal 3.401E-02, Fitness 2.619E-01, Cat. skew -7.187E-03; Total 1.962E+00
----------
Iter 200/999 at 2021-02-23 23:14:52.911751
Loss | Marginal 3.400E-02, Fitness 2.619E-01, Cat. skew -7.189E-03; Total 1.962E+00
----------
Iter 201/999 at 2021-02-23 23:14:53.040427
Loss | Marginal 3.399E-02, Fitness 2.618E-01, Cat. skew -7.191E-03; Total 1.961E+00
----------
Iter 202/999 at 2021-02-23 23:14:53.170938
Loss | Marginal 3.399E-02, Fitness 2.617E-01, Cat. skew -7.192E-03; Total 1.961E+00
----------
Iter 203/999 at 2021-02-23 23:14:53.299085
Loss | Marginal 3.398E-02, Fitness 2.617E-01, Cat. skew -7.194E-03; Total 1.961E+00
----------
Iter 204/999 at 2021-02-23 23:14:53.427073
Loss | Marginal 3.397E-02, Fitness 2.616E-01, Cat. skew -7.196E-03; Total 1.960E+00
----------
Iter 205/999 at 2021-02-23 23:14:53.554359
Loss | Marginal 3.397E-02, Fitness 2.615E-01, Cat. skew -7.198E-03; Total 1.960E+00
----------
Iter 206/999 at 2021-02-23 23:14:53.685917
Loss | Marginal 3.396E-02, Fitness 2.615E-01, Cat. skew -7.200E-03; Total 1.959E+00
----------
Iter 207/999 at 2021-02-23 23:14:53.813130
Loss | Marginal 3.396E-02, Fitness 2.614E-01, Cat. skew -7.202E-03; Total 1.959E+00
----------
Iter 208/999 at 2021-02-23 23:14:53.939808
Loss | Marginal 3.395E-02, Fitness 2.613E-01, Cat. skew -7.203E-03; Total 1.959E+00
----------
Iter 209/999 at 2021-02-23 23:14:54.066537
Loss | Marginal 3.394E-02, Fitness 2.613E-01, Cat. skew -7.204E-03; Total 1.958E+00
----------
Iter 210/999 at 2021-02-23 23:14:54.196164
Loss | Marginal 3.394E-02, Fitness 2.612E-01, Cat. skew -7.206E-03; Total 1.958E+00
----------
Iter 211/999 at 2021-02-23 23:14:54.330849
Loss | Marginal 3.393E-02, Fitness 2.611E-01, Cat. skew -7.207E-03; Total 1.958E+00
----------
Iter 212/999 at 2021-02-23 23:14:54.458438
Loss | Marginal 3.393E-02, Fitness 2.611E-01, Cat. skew -7.208E-03; Total 1.957E+00
----------
Iter 213/999 at 2021-02-23 23:14:54.588682
Loss | Marginal 3.392E-02, Fitness 2.610E-01, Cat. skew -7.210E-03; Total 1.957E+00
----------
Iter 214/999 at 2021-02-23 23:14:54.714488
Loss | Marginal 3.392E-02, Fitness 2.609E-01, Cat. skew -7.211E-03; Total 1.957E+00
----------
Iter 215/999 at 2021-02-23 23:14:54.847381
Loss | Marginal 3.391E-02, Fitness 2.609E-01, Cat. skew -7.213E-03; Total 1.956E+00
----------
Iter 216/999 at 2021-02-23 23:14:54.973115
Loss | Marginal 3.391E-02, Fitness 2.608E-01, Cat. skew -7.214E-03; Total 1.956E+00
----------
Iter 217/999 at 2021-02-23 23:14:55.098976
Loss | Marginal 3.390E-02, Fitness 2.607E-01, Cat. skew -7.216E-03; Total 1.956E+00
----------
Iter 218/999 at 2021-02-23 23:14:55.223525
Loss | Marginal 3.389E-02, Fitness 2.607E-01, Cat. skew -7.218E-03; Total 1.955E+00
----------
Iter 219/999 at 2021-02-23 23:14:55.348366
Loss | Marginal 3.389E-02, Fitness 2.606E-01, Cat. skew -7.220E-03; Total 1.955E+00
----------
Iter 220/999 at 2021-02-23 23:14:55.473802
Loss | Marginal 3.388E-02, Fitness 2.606E-01, Cat. skew -7.221E-03; Total 1.955E+00
----------
Iter 221/999 at 2021-02-23 23:14:55.600671
Loss | Marginal 3.388E-02, Fitness 2.605E-01, Cat. skew -7.223E-03; Total 1.954E+00
----------
Iter 222/999 at 2021-02-23 23:14:55.726827
Loss | Marginal 3.387E-02, Fitness 2.604E-01, Cat. skew -7.225E-03; Total 1.954E+00
----------
Iter 223/999 at 2021-02-23 23:14:55.856800
Loss | Marginal 3.387E-02, Fitness 2.604E-01, Cat. skew -7.226E-03; Total 1.954E+00
----------
Iter 224/999 at 2021-02-23 23:14:55.983531
Loss | Marginal 3.386E-02, Fitness 2.603E-01, Cat. skew -7.228E-03; Total 1.953E+00
----------
Iter 225/999 at 2021-02-23 23:14:56.108719
Loss | Marginal 3.386E-02, Fitness 2.602E-01, Cat. skew -7.229E-03; Total 1.953E+00
----------
Iter 226/999 at 2021-02-23 23:14:56.235058
Loss | Marginal 3.386E-02, Fitness 2.601E-01, Cat. skew -7.231E-03; Total 1.953E+00
----------
Iter 227/999 at 2021-02-23 23:14:56.367501
Loss | Marginal 3.385E-02, Fitness 2.601E-01, Cat. skew -7.232E-03; Total 1.953E+00
----------
Iter 228/999 at 2021-02-23 23:14:56.499292
Loss | Marginal 3.385E-02, Fitness 2.600E-01, Cat. skew -7.234E-03; Total 1.952E+00
----------
Iter 229/999 at 2021-02-23 23:14:56.624816
Loss | Marginal 3.384E-02, Fitness 2.599E-01, Cat. skew -7.235E-03; Total 1.952E+00
----------
Iter 230/999 at 2021-02-23 23:14:56.749677
Loss | Marginal 3.384E-02, Fitness 2.598E-01, Cat. skew -7.237E-03; Total 1.952E+00
----------
Iter 231/999 at 2021-02-23 23:14:56.874991
Loss | Marginal 3.383E-02, Fitness 2.598E-01, Cat. skew -7.239E-03; Total 1.951E+00
----------
Iter 232/999 at 2021-02-23 23:14:57.006758
Loss | Marginal 3.383E-02, Fitness 2.597E-01, Cat. skew -7.240E-03; Total 1.951E+00
----------
Iter 233/999 at 2021-02-23 23:14:57.137497
Loss | Marginal 3.382E-02, Fitness 2.596E-01, Cat. skew -7.242E-03; Total 1.951E+00
----------
Iter 234/999 at 2021-02-23 23:14:57.262239
Loss | Marginal 3.382E-02, Fitness 2.596E-01, Cat. skew -7.244E-03; Total 1.950E+00
----------
Iter 235/999 at 2021-02-23 23:14:57.392853
Loss | Marginal 3.382E-02, Fitness 2.595E-01, Cat. skew -7.245E-03; Total 1.950E+00
----------
Iter 236/999 at 2021-02-23 23:14:57.523328
Loss | Marginal 3.381E-02, Fitness 2.594E-01, Cat. skew -7.247E-03; Total 1.950E+00
----------
Iter 237/999 at 2021-02-23 23:14:57.653282
Loss | Marginal 3.381E-02, Fitness 2.593E-01, Cat. skew -7.248E-03; Total 1.950E+00
----------
Iter 238/999 at 2021-02-23 23:14:57.778171
Loss | Marginal 3.380E-02, Fitness 2.593E-01, Cat. skew -7.250E-03; Total 1.949E+00
----------
Iter 239/999 at 2021-02-23 23:14:57.902157
Loss | Marginal 3.380E-02, Fitness 2.592E-01, Cat. skew -7.251E-03; Total 1.949E+00
----------
Iter 240/999 at 2021-02-23 23:14:58.032360
Loss | Marginal 3.379E-02, Fitness 2.591E-01, Cat. skew -7.253E-03; Total 1.949E+00
----------
Iter 241/999 at 2021-02-23 23:14:58.162457
Loss | Marginal 3.379E-02, Fitness 2.591E-01, Cat. skew -7.254E-03; Total 1.948E+00
----------
Iter 242/999 at 2021-02-23 23:14:58.292581
Loss | Marginal 3.379E-02, Fitness 2.590E-01, Cat. skew -7.256E-03; Total 1.948E+00
----------
Iter 243/999 at 2021-02-23 23:14:58.422598
Loss | Marginal 3.378E-02, Fitness 2.589E-01, Cat. skew -7.257E-03; Total 1.948E+00
----------
Iter 244/999 at 2021-02-23 23:14:58.547034
Loss | Marginal 3.378E-02, Fitness 2.589E-01, Cat. skew -7.259E-03; Total 1.948E+00
----------
Iter 245/999 at 2021-02-23 23:14:58.672435
Loss | Marginal 3.377E-02, Fitness 2.588E-01, Cat. skew -7.260E-03; Total 1.947E+00
----------
Iter 246/999 at 2021-02-23 23:14:58.795863
Loss | Marginal 3.377E-02, Fitness 2.587E-01, Cat. skew -7.262E-03; Total 1.947E+00
----------
Iter 247/999 at 2021-02-23 23:14:58.919636
Loss | Marginal 3.377E-02, Fitness 2.587E-01, Cat. skew -7.263E-03; Total 1.947E+00
----------
Iter 248/999 at 2021-02-23 23:14:59.044500
Loss | Marginal 3.376E-02, Fitness 2.586E-01, Cat. skew -7.265E-03; Total 1.947E+00
----------
Iter 249/999 at 2021-02-23 23:14:59.169329
Loss | Marginal 3.376E-02, Fitness 2.585E-01, Cat. skew -7.266E-03; Total 1.946E+00
----------
Iter 250/999 at 2021-02-23 23:14:59.294404
Loss | Marginal 3.375E-02, Fitness 2.585E-01, Cat. skew -7.267E-03; Total 1.946E+00
----------
Iter 251/999 at 2021-02-23 23:14:59.421309
Loss | Marginal 3.375E-02, Fitness 2.584E-01, Cat. skew -7.269E-03; Total 1.946E+00
----------
Iter 252/999 at 2021-02-23 23:14:59.549250
Loss | Marginal 3.375E-02, Fitness 2.584E-01, Cat. skew -7.270E-03; Total 1.946E+00
----------
Iter 253/999 at 2021-02-23 23:14:59.673950
Loss | Marginal 3.374E-02, Fitness 2.583E-01, Cat. skew -7.272E-03; Total 1.945E+00
----------
Iter 254/999 at 2021-02-23 23:14:59.798443
Loss | Marginal 3.374E-02, Fitness 2.582E-01, Cat. skew -7.273E-03; Total 1.945E+00
----------
Iter 255/999 at 2021-02-23 23:14:59.923110
Loss | Marginal 3.374E-02, Fitness 2.582E-01, Cat. skew -7.274E-03; Total 1.945E+00
----------
Iter 256/999 at 2021-02-23 23:15:00.050949
Loss | Marginal 3.373E-02, Fitness 2.581E-01, Cat. skew -7.276E-03; Total 1.945E+00
----------
Iter 257/999 at 2021-02-23 23:15:00.175258
Loss | Marginal 3.373E-02, Fitness 2.581E-01, Cat. skew -7.277E-03; Total 1.944E+00
----------
Iter 258/999 at 2021-02-23 23:15:00.298704
Loss | Marginal 3.372E-02, Fitness 2.580E-01, Cat. skew -7.279E-03; Total 1.944E+00
----------
Iter 259/999 at 2021-02-23 23:15:00.423186
Loss | Marginal 3.372E-02, Fitness 2.579E-01, Cat. skew -7.280E-03; Total 1.944E+00
----------
Iter 260/999 at 2021-02-23 23:15:00.558422
Loss | Marginal 3.372E-02, Fitness 2.579E-01, Cat. skew -7.281E-03; Total 1.944E+00
----------
Iter 261/999 at 2021-02-23 23:15:00.686216
Loss | Marginal 3.371E-02, Fitness 2.578E-01, Cat. skew -7.283E-03; Total 1.943E+00
----------
Iter 262/999 at 2021-02-23 23:15:00.811901
Loss | Marginal 3.371E-02, Fitness 2.578E-01, Cat. skew -7.284E-03; Total 1.943E+00
----------
Iter 263/999 at 2021-02-23 23:15:00.936874
Loss | Marginal 3.371E-02, Fitness 2.577E-01, Cat. skew -7.285E-03; Total 1.943E+00
----------
Iter 264/999 at 2021-02-23 23:15:01.061967
Loss | Marginal 3.370E-02, Fitness 2.577E-01, Cat. skew -7.287E-03; Total 1.943E+00
----------
Iter 265/999 at 2021-02-23 23:15:01.186749
Loss | Marginal 3.370E-02, Fitness 2.576E-01, Cat. skew -7.288E-03; Total 1.943E+00
----------
Iter 266/999 at 2021-02-23 23:15:01.312751
Loss | Marginal 3.370E-02, Fitness 2.575E-01, Cat. skew -7.289E-03; Total 1.942E+00
----------
Iter 267/999 at 2021-02-23 23:15:01.442709
Loss | Marginal 3.369E-02, Fitness 2.575E-01, Cat. skew -7.291E-03; Total 1.942E+00
----------
Iter 268/999 at 2021-02-23 23:15:01.569496
Loss | Marginal 3.369E-02, Fitness 2.574E-01, Cat. skew -7.292E-03; Total 1.942E+00
----------
Iter 269/999 at 2021-02-23 23:15:01.696514
Loss | Marginal 3.369E-02, Fitness 2.574E-01, Cat. skew -7.293E-03; Total 1.942E+00
----------
Iter 270/999 at 2021-02-23 23:15:01.829350
Loss | Marginal 3.368E-02, Fitness 2.573E-01, Cat. skew -7.294E-03; Total 1.941E+00
----------
Iter 271/999 at 2021-02-23 23:15:01.959520
Loss | Marginal 3.368E-02, Fitness 2.573E-01, Cat. skew -7.296E-03; Total 1.941E+00
----------
Iter 272/999 at 2021-02-23 23:15:02.088284
Loss | Marginal 3.368E-02, Fitness 2.572E-01, Cat. skew -7.297E-03; Total 1.941E+00
----------
Iter 273/999 at 2021-02-23 23:15:02.212158
Loss | Marginal 3.367E-02, Fitness 2.571E-01, Cat. skew -7.298E-03; Total 1.941E+00
----------
Iter 274/999 at 2021-02-23 23:15:02.338445
Loss | Marginal 3.367E-02, Fitness 2.571E-01, Cat. skew -7.299E-03; Total 1.941E+00
----------
Iter 275/999 at 2021-02-23 23:15:02.464236
Loss | Marginal 3.367E-02, Fitness 2.570E-01, Cat. skew -7.301E-03; Total 1.940E+00
----------
Iter 276/999 at 2021-02-23 23:15:02.590109
Loss | Marginal 3.366E-02, Fitness 2.570E-01, Cat. skew -7.302E-03; Total 1.940E+00
----------
Iter 277/999 at 2021-02-23 23:15:02.715394
Loss | Marginal 3.366E-02, Fitness 2.569E-01, Cat. skew -7.303E-03; Total 1.940E+00
----------
Iter 278/999 at 2021-02-23 23:15:02.840819
Loss | Marginal 3.366E-02, Fitness 2.569E-01, Cat. skew -7.304E-03; Total 1.940E+00
----------
Iter 279/999 at 2021-02-23 23:15:02.972529
Loss | Marginal 3.365E-02, Fitness 2.568E-01, Cat. skew -7.305E-03; Total 1.939E+00
----------
Iter 280/999 at 2021-02-23 23:15:03.096760
Loss | Marginal 3.365E-02, Fitness 2.568E-01, Cat. skew -7.307E-03; Total 1.939E+00
----------
Iter 281/999 at 2021-02-23 23:15:03.220341
Loss | Marginal 3.365E-02, Fitness 2.567E-01, Cat. skew -7.308E-03; Total 1.939E+00
----------
Iter 282/999 at 2021-02-23 23:15:03.349748
Loss | Marginal 3.365E-02, Fitness 2.566E-01, Cat. skew -7.309E-03; Total 1.939E+00
----------
Iter 283/999 at 2021-02-23 23:15:03.477591
Loss | Marginal 3.364E-02, Fitness 2.566E-01, Cat. skew -7.310E-03; Total 1.939E+00
----------
Iter 284/999 at 2021-02-23 23:15:03.604149
Loss | Marginal 3.364E-02, Fitness 2.565E-01, Cat. skew -7.311E-03; Total 1.938E+00
----------
Iter 285/999 at 2021-02-23 23:15:03.727535
Loss | Marginal 3.364E-02, Fitness 2.565E-01, Cat. skew -7.312E-03; Total 1.938E+00
----------
Iter 286/999 at 2021-02-23 23:15:03.856837
Loss | Marginal 3.363E-02, Fitness 2.564E-01, Cat. skew -7.313E-03; Total 1.938E+00
----------
Iter 287/999 at 2021-02-23 23:15:03.980893
Loss | Marginal 3.363E-02, Fitness 2.563E-01, Cat. skew -7.315E-03; Total 1.938E+00
----------
Iter 288/999 at 2021-02-23 23:15:04.104639
Loss | Marginal 3.363E-02, Fitness 2.563E-01, Cat. skew -7.316E-03; Total 1.938E+00
----------
Iter 289/999 at 2021-02-23 23:15:04.230573
Loss | Marginal 3.363E-02, Fitness 2.562E-01, Cat. skew -7.317E-03; Total 1.937E+00
----------
Iter 290/999 at 2021-02-23 23:15:04.356678
Loss | Marginal 3.362E-02, Fitness 2.562E-01, Cat. skew -7.318E-03; Total 1.937E+00
----------
Iter 291/999 at 2021-02-23 23:15:04.482195
Loss | Marginal 3.362E-02, Fitness 2.561E-01, Cat. skew -7.319E-03; Total 1.937E+00
----------
Iter 292/999 at 2021-02-23 23:15:04.607040
Loss | Marginal 3.362E-02, Fitness 2.561E-01, Cat. skew -7.320E-03; Total 1.937E+00
----------
Iter 293/999 at 2021-02-23 23:15:04.733576
Loss | Marginal 3.362E-02, Fitness 2.560E-01, Cat. skew -7.321E-03; Total 1.937E+00
----------
Iter 294/999 at 2021-02-23 23:15:04.859810
Loss | Marginal 3.361E-02, Fitness 2.559E-01, Cat. skew -7.322E-03; Total 1.937E+00
----------
Iter 295/999 at 2021-02-23 23:15:04.987459
Loss | Marginal 3.361E-02, Fitness 2.559E-01, Cat. skew -7.323E-03; Total 1.936E+00
----------
Iter 296/999 at 2021-02-23 23:15:05.111945
Loss | Marginal 3.361E-02, Fitness 2.558E-01, Cat. skew -7.325E-03; Total 1.936E+00
----------
Iter 297/999 at 2021-02-23 23:15:05.235394
Loss | Marginal 3.361E-02, Fitness 2.558E-01, Cat. skew -7.326E-03; Total 1.936E+00
----------
Iter 298/999 at 2021-02-23 23:15:05.359156
Loss | Marginal 3.360E-02, Fitness 2.557E-01, Cat. skew -7.327E-03; Total 1.936E+00
----------
Iter 299/999 at 2021-02-23 23:15:05.483341
Loss | Marginal 3.360E-02, Fitness 2.556E-01, Cat. skew -7.328E-03; Total 1.936E+00
----------
Iter 300/999 at 2021-02-23 23:15:05.607324
Loss | Marginal 3.360E-02, Fitness 2.556E-01, Cat. skew -7.329E-03; Total 1.935E+00
----------
Iter 301/999 at 2021-02-23 23:15:05.730765
Loss | Marginal 3.360E-02, Fitness 2.555E-01, Cat. skew -7.330E-03; Total 1.935E+00
----------
Iter 302/999 at 2021-02-23 23:15:05.855297
Loss | Marginal 3.359E-02, Fitness 2.555E-01, Cat. skew -7.331E-03; Total 1.935E+00
----------
Iter 303/999 at 2021-02-23 23:15:05.980572
Loss | Marginal 3.359E-02, Fitness 2.554E-01, Cat. skew -7.332E-03; Total 1.935E+00
----------
Iter 304/999 at 2021-02-23 23:15:06.104675
Loss | Marginal 3.359E-02, Fitness 2.553E-01, Cat. skew -7.334E-03; Total 1.935E+00
----------
Iter 305/999 at 2021-02-23 23:15:06.229541
Loss | Marginal 3.359E-02, Fitness 2.553E-01, Cat. skew -7.335E-03; Total 1.935E+00
----------
Iter 306/999 at 2021-02-23 23:15:06.352924
Loss | Marginal 3.358E-02, Fitness 2.552E-01, Cat. skew -7.336E-03; Total 1.934E+00
----------
Iter 307/999 at 2021-02-23 23:15:06.479321
Loss | Marginal 3.358E-02, Fitness 2.551E-01, Cat. skew -7.337E-03; Total 1.934E+00
----------
Iter 308/999 at 2021-02-23 23:15:06.603090
Loss | Marginal 3.358E-02, Fitness 2.551E-01, Cat. skew -7.338E-03; Total 1.934E+00
----------
Iter 309/999 at 2021-02-23 23:15:06.735123
Loss | Marginal 3.358E-02, Fitness 2.550E-01, Cat. skew -7.339E-03; Total 1.934E+00
----------
Iter 310/999 at 2021-02-23 23:15:06.866432
Loss | Marginal 3.358E-02, Fitness 2.550E-01, Cat. skew -7.340E-03; Total 1.934E+00
----------
Iter 311/999 at 2021-02-23 23:15:06.994018
Loss | Marginal 3.357E-02, Fitness 2.549E-01, Cat. skew -7.341E-03; Total 1.933E+00
----------
Iter 312/999 at 2021-02-23 23:15:07.118804
Loss | Marginal 3.357E-02, Fitness 2.548E-01, Cat. skew -7.342E-03; Total 1.933E+00
----------
Iter 313/999 at 2021-02-23 23:15:07.244388
Loss | Marginal 3.357E-02, Fitness 2.548E-01, Cat. skew -7.343E-03; Total 1.933E+00
----------
Iter 314/999 at 2021-02-23 23:15:07.370012
Loss | Marginal 3.357E-02, Fitness 2.547E-01, Cat. skew -7.344E-03; Total 1.933E+00
----------
Iter 315/999 at 2021-02-23 23:15:07.495481
Loss | Marginal 3.356E-02, Fitness 2.546E-01, Cat. skew -7.345E-03; Total 1.933E+00
----------
Iter 316/999 at 2021-02-23 23:15:07.619267
Loss | Marginal 3.356E-02, Fitness 2.546E-01, Cat. skew -7.346E-03; Total 1.933E+00
----------
Iter 317/999 at 2021-02-23 23:15:07.749552
Loss | Marginal 3.356E-02, Fitness 2.545E-01, Cat. skew -7.347E-03; Total 1.932E+00
----------
Iter 318/999 at 2021-02-23 23:15:07.875304
Loss | Marginal 3.356E-02, Fitness 2.545E-01, Cat. skew -7.348E-03; Total 1.932E+00
----------
Iter 319/999 at 2021-02-23 23:15:08.001033
Loss | Marginal 3.355E-02, Fitness 2.544E-01, Cat. skew -7.349E-03; Total 1.932E+00
----------
Iter 320/999 at 2021-02-23 23:15:08.126026
Loss | Marginal 3.355E-02, Fitness 2.543E-01, Cat. skew -7.350E-03; Total 1.932E+00
----------
Iter 321/999 at 2021-02-23 23:15:08.249234
Loss | Marginal 3.355E-02, Fitness 2.543E-01, Cat. skew -7.351E-03; Total 1.932E+00
----------
Iter 322/999 at 2021-02-23 23:15:08.377563
Loss | Marginal 3.355E-02, Fitness 2.542E-01, Cat. skew -7.351E-03; Total 1.931E+00
----------
Iter 323/999 at 2021-02-23 23:15:08.504850
Loss | Marginal 3.354E-02, Fitness 2.542E-01, Cat. skew -7.352E-03; Total 1.931E+00
----------
Iter 324/999 at 2021-02-23 23:15:08.632697
Loss | Marginal 3.354E-02, Fitness 2.541E-01, Cat. skew -7.353E-03; Total 1.931E+00
----------
Iter 325/999 at 2021-02-23 23:15:08.764574
Loss | Marginal 3.354E-02, Fitness 2.540E-01, Cat. skew -7.354E-03; Total 1.931E+00
----------
Iter 326/999 at 2021-02-23 23:15:08.889256
Loss | Marginal 3.354E-02, Fitness 2.540E-01, Cat. skew -7.355E-03; Total 1.931E+00
----------
Iter 327/999 at 2021-02-23 23:15:09.014080
Loss | Marginal 3.353E-02, Fitness 2.539E-01, Cat. skew -7.356E-03; Total 1.930E+00
----------
Iter 328/999 at 2021-02-23 23:15:09.140354
Loss | Marginal 3.353E-02, Fitness 2.538E-01, Cat. skew -7.357E-03; Total 1.930E+00
----------
Iter 329/999 at 2021-02-23 23:15:09.267074
Loss | Marginal 3.353E-02, Fitness 2.538E-01, Cat. skew -7.358E-03; Total 1.930E+00
----------
Iter 330/999 at 2021-02-23 23:15:09.396508
Loss | Marginal 3.352E-02, Fitness 2.537E-01, Cat. skew -7.359E-03; Total 1.930E+00
----------
Iter 331/999 at 2021-02-23 23:15:09.520934
Loss | Marginal 3.352E-02, Fitness 2.537E-01, Cat. skew -7.360E-03; Total 1.930E+00
----------
Iter 332/999 at 2021-02-23 23:15:09.646506
Loss | Marginal 3.352E-02, Fitness 2.536E-01, Cat. skew -7.361E-03; Total 1.929E+00
----------
Iter 333/999 at 2021-02-23 23:15:09.772261
Loss | Marginal 3.352E-02, Fitness 2.535E-01, Cat. skew -7.362E-03; Total 1.929E+00
----------
Iter 334/999 at 2021-02-23 23:15:09.898901
Loss | Marginal 3.351E-02, Fitness 2.535E-01, Cat. skew -7.363E-03; Total 1.929E+00
----------
Iter 335/999 at 2021-02-23 23:15:10.026838
Loss | Marginal 3.351E-02, Fitness 2.534E-01, Cat. skew -7.364E-03; Total 1.929E+00
----------
Iter 336/999 at 2021-02-23 23:15:10.158332
Loss | Marginal 3.351E-02, Fitness 2.533E-01, Cat. skew -7.365E-03; Total 1.929E+00
----------
Iter 337/999 at 2021-02-23 23:15:10.284724
Loss | Marginal 3.351E-02, Fitness 2.533E-01, Cat. skew -7.366E-03; Total 1.929E+00
----------
Iter 338/999 at 2021-02-23 23:15:10.413578
Loss | Marginal 3.351E-02, Fitness 2.532E-01, Cat. skew -7.367E-03; Total 1.928E+00
----------
Iter 339/999 at 2021-02-23 23:15:10.540155
Loss | Marginal 3.350E-02, Fitness 2.531E-01, Cat. skew -7.368E-03; Total 1.928E+00
----------
Iter 340/999 at 2021-02-23 23:15:10.666438
Loss | Marginal 3.350E-02, Fitness 2.530E-01, Cat. skew -7.370E-03; Total 1.928E+00
----------
Iter 341/999 at 2021-02-23 23:15:10.790411
Loss | Marginal 3.350E-02, Fitness 2.530E-01, Cat. skew -7.371E-03; Total 1.928E+00
----------
Iter 342/999 at 2021-02-23 23:15:10.916612
Loss | Marginal 3.350E-02, Fitness 2.529E-01, Cat. skew -7.372E-03; Total 1.928E+00
----------
Iter 343/999 at 2021-02-23 23:15:11.040672
Loss | Marginal 3.350E-02, Fitness 2.528E-01, Cat. skew -7.374E-03; Total 1.928E+00
----------
Iter 344/999 at 2021-02-23 23:15:11.166566
Loss | Marginal 3.350E-02, Fitness 2.527E-01, Cat. skew -7.375E-03; Total 1.927E+00
----------
Iter 345/999 at 2021-02-23 23:15:11.294216
Loss | Marginal 3.349E-02, Fitness 2.526E-01, Cat. skew -7.377E-03; Total 1.927E+00
----------
Iter 346/999 at 2021-02-23 23:15:11.422487
Loss | Marginal 3.349E-02, Fitness 2.525E-01, Cat. skew -7.378E-03; Total 1.927E+00
----------
Iter 347/999 at 2021-02-23 23:15:11.550777
Loss | Marginal 3.349E-02, Fitness 2.524E-01, Cat. skew -7.380E-03; Total 1.927E+00
----------
Iter 348/999 at 2021-02-23 23:15:11.675367
Loss | Marginal 3.349E-02, Fitness 2.523E-01, Cat. skew -7.381E-03; Total 1.927E+00
----------
Iter 349/999 at 2021-02-23 23:15:11.807193
Loss | Marginal 3.349E-02, Fitness 2.522E-01, Cat. skew -7.382E-03; Total 1.927E+00
----------
Iter 350/999 at 2021-02-23 23:15:11.940665
Loss | Marginal 3.349E-02, Fitness 2.521E-01, Cat. skew -7.384E-03; Total 1.927E+00
----------
Iter 351/999 at 2021-02-23 23:15:12.065741
Loss | Marginal 3.349E-02, Fitness 2.521E-01, Cat. skew -7.385E-03; Total 1.926E+00
----------
Iter 352/999 at 2021-02-23 23:15:12.192497
Loss | Marginal 3.349E-02, Fitness 2.520E-01, Cat. skew -7.386E-03; Total 1.926E+00
----------
Iter 353/999 at 2021-02-23 23:15:12.319912
Loss | Marginal 3.349E-02, Fitness 2.519E-01, Cat. skew -7.388E-03; Total 1.926E+00
----------
Iter 354/999 at 2021-02-23 23:15:12.445511
Loss | Marginal 3.348E-02, Fitness 2.519E-01, Cat. skew -7.389E-03; Total 1.926E+00
----------
Iter 355/999 at 2021-02-23 23:15:12.576293
Loss | Marginal 3.348E-02, Fitness 2.518E-01, Cat. skew -7.389E-03; Total 1.926E+00
----------
Iter 356/999 at 2021-02-23 23:15:12.704200
Loss | Marginal 3.348E-02, Fitness 2.518E-01, Cat. skew -7.390E-03; Total 1.926E+00
----------
Iter 357/999 at 2021-02-23 23:15:12.837856
Loss | Marginal 3.348E-02, Fitness 2.518E-01, Cat. skew -7.391E-03; Total 1.926E+00
----------
Iter 358/999 at 2021-02-23 23:15:13.227232
Loss | Marginal 3.348E-02, Fitness 2.517E-01, Cat. skew -7.392E-03; Total 1.925E+00
----------
Iter 359/999 at 2021-02-23 23:15:13.351893
Loss | Marginal 3.347E-02, Fitness 2.517E-01, Cat. skew -7.392E-03; Total 1.925E+00
----------
Iter 360/999 at 2021-02-23 23:15:13.476005
Loss | Marginal 3.347E-02, Fitness 2.517E-01, Cat. skew -7.393E-03; Total 1.925E+00
----------
Iter 361/999 at 2021-02-23 23:15:13.604942
Loss | Marginal 3.347E-02, Fitness 2.517E-01, Cat. skew -7.394E-03; Total 1.925E+00
----------
Iter 362/999 at 2021-02-23 23:15:13.730998
Loss | Marginal 3.347E-02, Fitness 2.516E-01, Cat. skew -7.394E-03; Total 1.925E+00
----------
Iter 363/999 at 2021-02-23 23:15:13.859417
Loss | Marginal 3.347E-02, Fitness 2.516E-01, Cat. skew -7.395E-03; Total 1.925E+00
----------
Iter 364/999 at 2021-02-23 23:15:13.985417
Loss | Marginal 3.346E-02, Fitness 2.516E-01, Cat. skew -7.395E-03; Total 1.925E+00
----------
Iter 365/999 at 2021-02-23 23:15:14.112024
Loss | Marginal 3.346E-02, Fitness 2.515E-01, Cat. skew -7.396E-03; Total 1.925E+00
----------
Iter 366/999 at 2021-02-23 23:15:14.236647
Loss | Marginal 3.346E-02, Fitness 2.515E-01, Cat. skew -7.396E-03; Total 1.924E+00
----------
Iter 367/999 at 2021-02-23 23:15:14.361606
Loss | Marginal 3.346E-02, Fitness 2.515E-01, Cat. skew -7.397E-03; Total 1.924E+00
----------
Iter 368/999 at 2021-02-23 23:15:14.486171
Loss | Marginal 3.346E-02, Fitness 2.514E-01, Cat. skew -7.397E-03; Total 1.924E+00
----------
Iter 369/999 at 2021-02-23 23:15:14.612552
Loss | Marginal 3.345E-02, Fitness 2.514E-01, Cat. skew -7.398E-03; Total 1.924E+00
----------
Iter 370/999 at 2021-02-23 23:15:14.736912
Loss | Marginal 3.345E-02, Fitness 2.513E-01, Cat. skew -7.399E-03; Total 1.924E+00
----------
Iter 371/999 at 2021-02-23 23:15:14.861820
Loss | Marginal 3.345E-02, Fitness 2.513E-01, Cat. skew -7.399E-03; Total 1.924E+00
----------
Iter 372/999 at 2021-02-23 23:15:14.994344
Loss | Marginal 3.345E-02, Fitness 2.512E-01, Cat. skew -7.400E-03; Total 1.924E+00
----------
Iter 373/999 at 2021-02-23 23:15:15.120201
Loss | Marginal 3.345E-02, Fitness 2.512E-01, Cat. skew -7.400E-03; Total 1.924E+00
----------
Iter 374/999 at 2021-02-23 23:15:15.244954
Loss | Marginal 3.345E-02, Fitness 2.512E-01, Cat. skew -7.401E-03; Total 1.923E+00
----------
Iter 375/999 at 2021-02-23 23:15:15.370103
Loss | Marginal 3.344E-02, Fitness 2.511E-01, Cat. skew -7.401E-03; Total 1.923E+00
----------
Iter 376/999 at 2021-02-23 23:15:15.493834
Loss | Marginal 3.344E-02, Fitness 2.511E-01, Cat. skew -7.402E-03; Total 1.923E+00
----------
Iter 377/999 at 2021-02-23 23:15:15.619538
Loss | Marginal 3.344E-02, Fitness 2.510E-01, Cat. skew -7.402E-03; Total 1.923E+00
----------
Iter 378/999 at 2021-02-23 23:15:15.744297
Loss | Marginal 3.344E-02, Fitness 2.510E-01, Cat. skew -7.403E-03; Total 1.923E+00
----------
Iter 379/999 at 2021-02-23 23:15:15.868106
Loss | Marginal 3.344E-02, Fitness 2.510E-01, Cat. skew -7.403E-03; Total 1.923E+00
----------
Iter 380/999 at 2021-02-23 23:15:15.992620
Loss | Marginal 3.344E-02, Fitness 2.509E-01, Cat. skew -7.404E-03; Total 1.923E+00
----------
Iter 381/999 at 2021-02-23 23:15:16.117395
Loss | Marginal 3.343E-02, Fitness 2.509E-01, Cat. skew -7.405E-03; Total 1.923E+00
----------
Iter 382/999 at 2021-02-23 23:15:16.242852
Loss | Marginal 3.343E-02, Fitness 2.509E-01, Cat. skew -7.405E-03; Total 1.922E+00
----------
Iter 383/999 at 2021-02-23 23:15:16.374713
Loss | Marginal 3.343E-02, Fitness 2.508E-01, Cat. skew -7.406E-03; Total 1.922E+00
----------
Iter 384/999 at 2021-02-23 23:15:16.505999
Loss | Marginal 3.343E-02, Fitness 2.508E-01, Cat. skew -7.406E-03; Total 1.922E+00
----------
Iter 385/999 at 2021-02-23 23:15:16.639345
Loss | Marginal 3.343E-02, Fitness 2.507E-01, Cat. skew -7.407E-03; Total 1.922E+00
----------
Iter 386/999 at 2021-02-23 23:15:16.767094
Loss | Marginal 3.343E-02, Fitness 2.507E-01, Cat. skew -7.407E-03; Total 1.922E+00
----------
Iter 387/999 at 2021-02-23 23:15:16.893191
Loss | Marginal 3.343E-02, Fitness 2.506E-01, Cat. skew -7.408E-03; Total 1.922E+00
----------
Iter 388/999 at 2021-02-23 23:15:17.023319
Loss | Marginal 3.342E-02, Fitness 2.506E-01, Cat. skew -7.409E-03; Total 1.922E+00
----------
Iter 389/999 at 2021-02-23 23:15:17.147610
Loss | Marginal 3.342E-02, Fitness 2.505E-01, Cat. skew -7.409E-03; Total 1.922E+00
----------
Iter 390/999 at 2021-02-23 23:15:17.273349
Loss | Marginal 3.342E-02, Fitness 2.505E-01, Cat. skew -7.410E-03; Total 1.921E+00
----------
Iter 391/999 at 2021-02-23 23:15:17.398416
Loss | Marginal 3.342E-02, Fitness 2.505E-01, Cat. skew -7.411E-03; Total 1.921E+00
----------
Iter 392/999 at 2021-02-23 23:15:17.522647
Loss | Marginal 3.342E-02, Fitness 2.504E-01, Cat. skew -7.411E-03; Total 1.921E+00
----------
Iter 393/999 at 2021-02-23 23:15:17.647018
Loss | Marginal 3.342E-02, Fitness 2.504E-01, Cat. skew -7.412E-03; Total 1.921E+00
----------
Iter 394/999 at 2021-02-23 23:15:17.776143
Loss | Marginal 3.342E-02, Fitness 2.503E-01, Cat. skew -7.413E-03; Total 1.921E+00
----------
Iter 395/999 at 2021-02-23 23:15:17.900749
Loss | Marginal 3.341E-02, Fitness 2.503E-01, Cat. skew -7.413E-03; Total 1.921E+00
----------
Iter 396/999 at 2021-02-23 23:15:18.024881
Loss | Marginal 3.341E-02, Fitness 2.503E-01, Cat. skew -7.414E-03; Total 1.921E+00
----------
Iter 397/999 at 2021-02-23 23:15:18.149284
Loss | Marginal 3.341E-02, Fitness 2.502E-01, Cat. skew -7.414E-03; Total 1.921E+00
----------
Iter 398/999 at 2021-02-23 23:15:18.273918
Loss | Marginal 3.341E-02, Fitness 2.502E-01, Cat. skew -7.415E-03; Total 1.921E+00
----------
Iter 399/999 at 2021-02-23 23:15:18.400128
Loss | Marginal 3.341E-02, Fitness 2.501E-01, Cat. skew -7.416E-03; Total 1.920E+00
----------
Iter 400/999 at 2021-02-23 23:15:18.528727
Loss | Marginal 3.341E-02, Fitness 2.501E-01, Cat. skew -7.416E-03; Total 1.920E+00
----------
Iter 401/999 at 2021-02-23 23:15:18.655060
Loss | Marginal 3.341E-02, Fitness 2.501E-01, Cat. skew -7.417E-03; Total 1.920E+00
----------
Iter 402/999 at 2021-02-23 23:15:18.782278
Loss | Marginal 3.340E-02, Fitness 2.500E-01, Cat. skew -7.417E-03; Total 1.920E+00
----------
Iter 403/999 at 2021-02-23 23:15:18.907226
Loss | Marginal 3.340E-02, Fitness 2.500E-01, Cat. skew -7.418E-03; Total 1.920E+00
----------
Iter 404/999 at 2021-02-23 23:15:19.033974
Loss | Marginal 3.340E-02, Fitness 2.500E-01, Cat. skew -7.419E-03; Total 1.920E+00
----------
Iter 405/999 at 2021-02-23 23:15:19.158754
Loss | Marginal 3.340E-02, Fitness 2.499E-01, Cat. skew -7.419E-03; Total 1.920E+00
----------
Iter 406/999 at 2021-02-23 23:15:19.283510
Loss | Marginal 3.340E-02, Fitness 2.499E-01, Cat. skew -7.420E-03; Total 1.920E+00
----------
Iter 407/999 at 2021-02-23 23:15:19.407897
Loss | Marginal 3.340E-02, Fitness 2.499E-01, Cat. skew -7.420E-03; Total 1.920E+00
----------
Iter 408/999 at 2021-02-23 23:15:19.536745
Loss | Marginal 3.340E-02, Fitness 2.498E-01, Cat. skew -7.421E-03; Total 1.920E+00
----------
Iter 409/999 at 2021-02-23 23:15:19.661514
Loss | Marginal 3.339E-02, Fitness 2.498E-01, Cat. skew -7.421E-03; Total 1.919E+00
----------
Iter 410/999 at 2021-02-23 23:15:19.785147
Loss | Marginal 3.339E-02, Fitness 2.497E-01, Cat. skew -7.422E-03; Total 1.919E+00
----------
Iter 411/999 at 2021-02-23 23:15:19.909459
Loss | Marginal 3.339E-02, Fitness 2.497E-01, Cat. skew -7.422E-03; Total 1.919E+00
----------
Iter 412/999 at 2021-02-23 23:15:20.035794
Loss | Marginal 3.339E-02, Fitness 2.497E-01, Cat. skew -7.423E-03; Total 1.919E+00
----------
Iter 413/999 at 2021-02-23 23:15:20.170077
Loss | Marginal 3.339E-02, Fitness 2.496E-01, Cat. skew -7.424E-03; Total 1.919E+00
----------
Iter 414/999 at 2021-02-23 23:15:20.298875
Loss | Marginal 3.339E-02, Fitness 2.496E-01, Cat. skew -7.424E-03; Total 1.919E+00
----------
Iter 415/999 at 2021-02-23 23:15:20.423463
Loss | Marginal 3.339E-02, Fitness 2.496E-01, Cat. skew -7.425E-03; Total 1.919E+00
----------
Iter 416/999 at 2021-02-23 23:15:20.548541
Loss | Marginal 3.338E-02, Fitness 2.495E-01, Cat. skew -7.425E-03; Total 1.919E+00
----------
Iter 417/999 at 2021-02-23 23:15:20.674679
Loss | Marginal 3.338E-02, Fitness 2.495E-01, Cat. skew -7.426E-03; Total 1.919E+00
----------
Iter 418/999 at 2021-02-23 23:15:20.803988
Loss | Marginal 3.338E-02, Fitness 2.494E-01, Cat. skew -7.426E-03; Total 1.918E+00
----------
Iter 419/999 at 2021-02-23 23:15:20.929107
Loss | Marginal 3.338E-02, Fitness 2.494E-01, Cat. skew -7.427E-03; Total 1.918E+00
----------
Iter 420/999 at 2021-02-23 23:15:21.053034
Loss | Marginal 3.338E-02, Fitness 2.494E-01, Cat. skew -7.427E-03; Total 1.918E+00
----------
Iter 421/999 at 2021-02-23 23:15:21.178343
Loss | Marginal 3.338E-02, Fitness 2.493E-01, Cat. skew -7.428E-03; Total 1.918E+00
----------
Iter 422/999 at 2021-02-23 23:15:21.301714
Loss | Marginal 3.338E-02, Fitness 2.493E-01, Cat. skew -7.428E-03; Total 1.918E+00
----------
Iter 423/999 at 2021-02-23 23:15:21.427646
Loss | Marginal 3.338E-02, Fitness 2.493E-01, Cat. skew -7.429E-03; Total 1.918E+00
----------
Iter 424/999 at 2021-02-23 23:15:21.552304
Loss | Marginal 3.338E-02, Fitness 2.492E-01, Cat. skew -7.429E-03; Total 1.918E+00
----------
Iter 425/999 at 2021-02-23 23:15:21.676508
Loss | Marginal 3.337E-02, Fitness 2.492E-01, Cat. skew -7.430E-03; Total 1.918E+00
----------
Iter 426/999 at 2021-02-23 23:15:21.799664
Loss | Marginal 3.337E-02, Fitness 2.492E-01, Cat. skew -7.430E-03; Total 1.918E+00
----------
Iter 427/999 at 2021-02-23 23:15:21.926584
Loss | Marginal 3.337E-02, Fitness 2.492E-01, Cat. skew -7.431E-03; Total 1.918E+00
----------
Iter 428/999 at 2021-02-23 23:15:22.054782
Loss | Marginal 3.337E-02, Fitness 2.491E-01, Cat. skew -7.431E-03; Total 1.918E+00
----------
Iter 429/999 at 2021-02-23 23:15:22.183828
Loss | Marginal 3.337E-02, Fitness 2.491E-01, Cat. skew -7.432E-03; Total 1.917E+00
----------
Iter 430/999 at 2021-02-23 23:15:22.311234
Loss | Marginal 3.337E-02, Fitness 2.490E-01, Cat. skew -7.432E-03; Total 1.917E+00
----------
Iter 431/999 at 2021-02-23 23:15:22.436409
Loss | Marginal 3.337E-02, Fitness 2.490E-01, Cat. skew -7.433E-03; Total 1.917E+00
----------
Iter 432/999 at 2021-02-23 23:15:22.560835
Loss | Marginal 3.337E-02, Fitness 2.489E-01, Cat. skew -7.433E-03; Total 1.917E+00
----------
Iter 433/999 at 2021-02-23 23:15:22.685508
Loss | Marginal 3.337E-02, Fitness 2.489E-01, Cat. skew -7.434E-03; Total 1.917E+00
----------
Iter 434/999 at 2021-02-23 23:15:22.811061
Loss | Marginal 3.336E-02, Fitness 2.489E-01, Cat. skew -7.434E-03; Total 1.917E+00
----------
Iter 435/999 at 2021-02-23 23:15:22.944124
Loss | Marginal 3.336E-02, Fitness 2.489E-01, Cat. skew -7.435E-03; Total 1.917E+00
----------
Iter 436/999 at 2021-02-23 23:15:23.074929
Loss | Marginal 3.336E-02, Fitness 2.488E-01, Cat. skew -7.435E-03; Total 1.917E+00
----------
Iter 437/999 at 2021-02-23 23:15:23.201932
Loss | Marginal 3.336E-02, Fitness 2.488E-01, Cat. skew -7.436E-03; Total 1.917E+00
----------
Iter 438/999 at 2021-02-23 23:15:23.333502
Loss | Marginal 3.336E-02, Fitness 2.487E-01, Cat. skew -7.436E-03; Total 1.917E+00
----------
Iter 439/999 at 2021-02-23 23:15:23.459833
Loss | Marginal 3.336E-02, Fitness 2.487E-01, Cat. skew -7.437E-03; Total 1.917E+00
----------
Iter 440/999 at 2021-02-23 23:15:23.588901
Loss | Marginal 3.336E-02, Fitness 2.487E-01, Cat. skew -7.437E-03; Total 1.916E+00
----------
Iter 441/999 at 2021-02-23 23:15:23.715555
Loss | Marginal 3.336E-02, Fitness 2.486E-01, Cat. skew -7.438E-03; Total 1.916E+00
----------
Iter 442/999 at 2021-02-23 23:15:23.841182
Loss | Marginal 3.336E-02, Fitness 2.486E-01, Cat. skew -7.438E-03; Total 1.916E+00
----------
Iter 443/999 at 2021-02-23 23:15:23.968786
Loss | Marginal 3.335E-02, Fitness 2.485E-01, Cat. skew -7.439E-03; Total 1.916E+00
----------
Iter 444/999 at 2021-02-23 23:15:24.094250
Loss | Marginal 3.335E-02, Fitness 2.485E-01, Cat. skew -7.439E-03; Total 1.916E+00
----------
Iter 445/999 at 2021-02-23 23:15:24.218574
Loss | Marginal 3.335E-02, Fitness 2.485E-01, Cat. skew -7.440E-03; Total 1.916E+00
----------
Iter 446/999 at 2021-02-23 23:15:24.344899
Loss | Marginal 3.335E-02, Fitness 2.484E-01, Cat. skew -7.440E-03; Total 1.916E+00
----------
Iter 447/999 at 2021-02-23 23:15:24.470405
Loss | Marginal 3.335E-02, Fitness 2.484E-01, Cat. skew -7.441E-03; Total 1.916E+00
----------
Iter 448/999 at 2021-02-23 23:15:24.600248
Loss | Marginal 3.335E-02, Fitness 2.484E-01, Cat. skew -7.441E-03; Total 1.916E+00
----------
Iter 449/999 at 2021-02-23 23:15:24.725128
Loss | Marginal 3.335E-02, Fitness 2.483E-01, Cat. skew -7.442E-03; Total 1.916E+00
----------
Iter 450/999 at 2021-02-23 23:15:24.849178
Loss | Marginal 3.335E-02, Fitness 2.483E-01, Cat. skew -7.442E-03; Total 1.916E+00
----------
Iter 451/999 at 2021-02-23 23:15:24.975249
Loss | Marginal 3.335E-02, Fitness 2.482E-01, Cat. skew -7.443E-03; Total 1.916E+00
----------
Iter 452/999 at 2021-02-23 23:15:25.102178
Loss | Marginal 3.335E-02, Fitness 2.482E-01, Cat. skew -7.443E-03; Total 1.915E+00
----------
Iter 453/999 at 2021-02-23 23:15:25.226627
Loss | Marginal 3.334E-02, Fitness 2.482E-01, Cat. skew -7.443E-03; Total 1.915E+00
----------
Iter 454/999 at 2021-02-23 23:15:25.352365
Loss | Marginal 3.334E-02, Fitness 2.481E-01, Cat. skew -7.444E-03; Total 1.915E+00
----------
Iter 455/999 at 2021-02-23 23:15:25.485276
Loss | Marginal 3.334E-02, Fitness 2.481E-01, Cat. skew -7.444E-03; Total 1.915E+00
----------
Iter 456/999 at 2021-02-23 23:15:25.617748
Loss | Marginal 3.334E-02, Fitness 2.481E-01, Cat. skew -7.445E-03; Total 1.915E+00
----------
Iter 457/999 at 2021-02-23 23:15:25.747356
Loss | Marginal 3.334E-02, Fitness 2.480E-01, Cat. skew -7.445E-03; Total 1.915E+00
----------
Iter 458/999 at 2021-02-23 23:15:25.882065
Loss | Marginal 3.334E-02, Fitness 2.480E-01, Cat. skew -7.446E-03; Total 1.915E+00
----------
Iter 459/999 at 2021-02-23 23:15:26.006350
Loss | Marginal 3.334E-02, Fitness 2.480E-01, Cat. skew -7.446E-03; Total 1.915E+00
----------
Iter 460/999 at 2021-02-23 23:15:26.130336
Loss | Marginal 3.334E-02, Fitness 2.479E-01, Cat. skew -7.446E-03; Total 1.915E+00
----------
Iter 461/999 at 2021-02-23 23:15:26.253713
Loss | Marginal 3.334E-02, Fitness 2.479E-01, Cat. skew -7.447E-03; Total 1.915E+00
----------
Iter 462/999 at 2021-02-23 23:15:26.378333
Loss | Marginal 3.334E-02, Fitness 2.478E-01, Cat. skew -7.447E-03; Total 1.915E+00
----------
Iter 463/999 at 2021-02-23 23:15:26.503810
Loss | Marginal 3.334E-02, Fitness 2.478E-01, Cat. skew -7.448E-03; Total 1.915E+00
----------
Iter 464/999 at 2021-02-23 23:15:26.629299
Loss | Marginal 3.333E-02, Fitness 2.478E-01, Cat. skew -7.448E-03; Total 1.914E+00
----------
Iter 465/999 at 2021-02-23 23:15:26.756927
Loss | Marginal 3.333E-02, Fitness 2.477E-01, Cat. skew -7.449E-03; Total 1.914E+00
----------
Iter 466/999 at 2021-02-23 23:15:26.886056
Loss | Marginal 3.333E-02, Fitness 2.477E-01, Cat. skew -7.449E-03; Total 1.914E+00
----------
Iter 467/999 at 2021-02-23 23:15:27.011748
Loss | Marginal 3.333E-02, Fitness 2.477E-01, Cat. skew -7.449E-03; Total 1.914E+00
----------
Iter 468/999 at 2021-02-23 23:15:27.135427
Loss | Marginal 3.333E-02, Fitness 2.476E-01, Cat. skew -7.450E-03; Total 1.914E+00
----------
Iter 469/999 at 2021-02-23 23:15:27.258352
Loss | Marginal 3.333E-02, Fitness 2.476E-01, Cat. skew -7.450E-03; Total 1.914E+00
----------
Iter 470/999 at 2021-02-23 23:15:27.380469
Loss | Marginal 3.333E-02, Fitness 2.476E-01, Cat. skew -7.451E-03; Total 1.914E+00
----------
Iter 471/999 at 2021-02-23 23:15:27.503180
Loss | Marginal 3.333E-02, Fitness 2.475E-01, Cat. skew -7.451E-03; Total 1.914E+00
----------
Iter 472/999 at 2021-02-23 23:15:27.631642
Loss | Marginal 3.333E-02, Fitness 2.475E-01, Cat. skew -7.451E-03; Total 1.914E+00
----------
Iter 473/999 at 2021-02-23 23:15:27.763151
Loss | Marginal 3.333E-02, Fitness 2.475E-01, Cat. skew -7.452E-03; Total 1.914E+00
----------
Iter 474/999 at 2021-02-23 23:15:27.890266
Loss | Marginal 3.333E-02, Fitness 2.474E-01, Cat. skew -7.452E-03; Total 1.914E+00
----------
Iter 475/999 at 2021-02-23 23:15:28.015719
Loss | Marginal 3.333E-02, Fitness 2.474E-01, Cat. skew -7.453E-03; Total 1.914E+00
----------
Iter 476/999 at 2021-02-23 23:15:28.141388
Loss | Marginal 3.332E-02, Fitness 2.473E-01, Cat. skew -7.453E-03; Total 1.914E+00
----------
Iter 477/999 at 2021-02-23 23:15:28.268029
Loss | Marginal 3.332E-02, Fitness 2.473E-01, Cat. skew -7.454E-03; Total 1.913E+00
----------
Iter 478/999 at 2021-02-23 23:15:28.390828
Loss | Marginal 3.332E-02, Fitness 2.473E-01, Cat. skew -7.454E-03; Total 1.913E+00
----------
Iter 479/999 at 2021-02-23 23:15:28.513117
Loss | Marginal 3.332E-02, Fitness 2.472E-01, Cat. skew -7.454E-03; Total 1.913E+00
----------
Iter 480/999 at 2021-02-23 23:15:28.635769
Loss | Marginal 3.332E-02, Fitness 2.472E-01, Cat. skew -7.455E-03; Total 1.913E+00
----------
Iter 481/999 at 2021-02-23 23:15:28.759442
Loss | Marginal 3.332E-02, Fitness 2.471E-01, Cat. skew -7.455E-03; Total 1.913E+00
----------
Iter 482/999 at 2021-02-23 23:15:28.882068
Loss | Marginal 3.332E-02, Fitness 2.471E-01, Cat. skew -7.456E-03; Total 1.913E+00
----------
Iter 483/999 at 2021-02-23 23:15:29.007486
Loss | Marginal 3.332E-02, Fitness 2.470E-01, Cat. skew -7.456E-03; Total 1.913E+00
----------
Iter 484/999 at 2021-02-23 23:15:29.131635
Loss | Marginal 3.332E-02, Fitness 2.470E-01, Cat. skew -7.456E-03; Total 1.913E+00
----------
Iter 485/999 at 2021-02-23 23:15:29.261416
Loss | Marginal 3.332E-02, Fitness 2.470E-01, Cat. skew -7.457E-03; Total 1.913E+00
----------
Iter 486/999 at 2021-02-23 23:15:29.390836
Loss | Marginal 3.332E-02, Fitness 2.469E-01, Cat. skew -7.457E-03; Total 1.913E+00
----------
Iter 487/999 at 2021-02-23 23:15:29.518362
Loss | Marginal 3.332E-02, Fitness 2.469E-01, Cat. skew -7.458E-03; Total 1.913E+00
----------
Iter 488/999 at 2021-02-23 23:15:29.648850
Loss | Marginal 3.331E-02, Fitness 2.469E-01, Cat. skew -7.458E-03; Total 1.913E+00
----------
Iter 489/999 at 2021-02-23 23:15:29.777739
Loss | Marginal 3.331E-02, Fitness 2.469E-01, Cat. skew -7.458E-03; Total 1.912E+00
----------
Iter 490/999 at 2021-02-23 23:15:29.904135
Loss | Marginal 3.331E-02, Fitness 2.469E-01, Cat. skew -7.459E-03; Total 1.912E+00
----------
Iter 491/999 at 2021-02-23 23:15:30.032818
Loss | Marginal 3.331E-02, Fitness 2.469E-01, Cat. skew -7.459E-03; Total 1.912E+00
----------
Iter 492/999 at 2021-02-23 23:15:30.160213
Loss | Marginal 3.331E-02, Fitness 2.468E-01, Cat. skew -7.460E-03; Total 1.912E+00
----------
Iter 493/999 at 2021-02-23 23:15:30.288409
Loss | Marginal 3.331E-02, Fitness 2.468E-01, Cat. skew -7.460E-03; Total 1.912E+00
----------
Iter 494/999 at 2021-02-23 23:15:30.415946
Loss | Marginal 3.331E-02, Fitness 2.467E-01, Cat. skew -7.461E-03; Total 1.912E+00
----------
Iter 495/999 at 2021-02-23 23:15:30.543860
Loss | Marginal 3.331E-02, Fitness 2.467E-01, Cat. skew -7.461E-03; Total 1.912E+00
----------
Iter 496/999 at 2021-02-23 23:15:30.666932
Loss | Marginal 3.331E-02, Fitness 2.467E-01, Cat. skew -7.462E-03; Total 1.912E+00
----------
Iter 497/999 at 2021-02-23 23:15:30.792383
Loss | Marginal 3.331E-02, Fitness 2.466E-01, Cat. skew -7.462E-03; Total 1.912E+00
----------
Iter 498/999 at 2021-02-23 23:15:30.919297
Loss | Marginal 3.331E-02, Fitness 2.465E-01, Cat. skew -7.462E-03; Total 1.912E+00
----------
Iter 499/999 at 2021-02-23 23:15:31.044875
Loss | Marginal 3.331E-02, Fitness 2.465E-01, Cat. skew -7.463E-03; Total 1.912E+00
----------
Iter 500/999 at 2021-02-23 23:15:31.170132
Loss | Marginal 3.331E-02, Fitness 2.464E-01, Cat. skew -7.463E-03; Total 1.912E+00
----------
Iter 501/999 at 2021-02-23 23:15:31.293688
Loss | Marginal 3.331E-02, Fitness 2.464E-01, Cat. skew -7.463E-03; Total 1.912E+00
----------
Iter 502/999 at 2021-02-23 23:15:31.419390
Loss | Marginal 3.330E-02, Fitness 2.465E-01, Cat. skew -7.464E-03; Total 1.912E+00
----------
Iter 503/999 at 2021-02-23 23:15:31.543810
Loss | Marginal 3.330E-02, Fitness 2.465E-01, Cat. skew -7.464E-03; Total 1.912E+00
----------
Iter 504/999 at 2021-02-23 23:15:31.667860
Loss | Marginal 3.330E-02, Fitness 2.464E-01, Cat. skew -7.465E-03; Total 1.911E+00
----------
Iter 505/999 at 2021-02-23 23:15:31.791803
Loss | Marginal 3.330E-02, Fitness 2.464E-01, Cat. skew -7.465E-03; Total 1.911E+00
----------
Iter 506/999 at 2021-02-23 23:15:31.921166
Loss | Marginal 3.330E-02, Fitness 2.463E-01, Cat. skew -7.465E-03; Total 1.911E+00
----------
Iter 507/999 at 2021-02-23 23:15:32.052067
Loss | Marginal 3.330E-02, Fitness 2.462E-01, Cat. skew -7.466E-03; Total 1.911E+00
----------
Iter 508/999 at 2021-02-23 23:15:32.179904
Loss | Marginal 3.330E-02, Fitness 2.462E-01, Cat. skew -7.466E-03; Total 1.911E+00
----------
Iter 509/999 at 2021-02-23 23:15:32.306440
Loss | Marginal 3.330E-02, Fitness 2.462E-01, Cat. skew -7.467E-03; Total 1.911E+00
----------
Iter 510/999 at 2021-02-23 23:15:32.432922
Loss | Marginal 3.330E-02, Fitness 2.462E-01, Cat. skew -7.467E-03; Total 1.911E+00
----------
Iter 511/999 at 2021-02-23 23:15:32.559832
Loss | Marginal 3.330E-02, Fitness 2.462E-01, Cat. skew -7.468E-03; Total 1.911E+00
----------
Iter 512/999 at 2021-02-23 23:15:32.687375
Loss | Marginal 3.330E-02, Fitness 2.461E-01, Cat. skew -7.468E-03; Total 1.911E+00
----------
Iter 513/999 at 2021-02-23 23:15:32.816562
Loss | Marginal 3.330E-02, Fitness 2.460E-01, Cat. skew -7.469E-03; Total 1.911E+00
----------
Iter 514/999 at 2021-02-23 23:15:32.947842
Loss | Marginal 3.330E-02, Fitness 2.460E-01, Cat. skew -7.469E-03; Total 1.911E+00
----------
Iter 515/999 at 2021-02-23 23:15:33.077293
Loss | Marginal 3.330E-02, Fitness 2.461E-01, Cat. skew -7.469E-03; Total 1.911E+00
----------
Iter 516/999 at 2021-02-23 23:15:33.203882
Loss | Marginal 3.329E-02, Fitness 2.460E-01, Cat. skew -7.470E-03; Total 1.911E+00
----------
Iter 517/999 at 2021-02-23 23:15:33.327820
Loss | Marginal 3.329E-02, Fitness 2.460E-01, Cat. skew -7.470E-03; Total 1.911E+00
----------
Iter 518/999 at 2021-02-23 23:15:33.452654
Loss | Marginal 3.329E-02, Fitness 2.460E-01, Cat. skew -7.471E-03; Total 1.911E+00
----------
Iter 519/999 at 2021-02-23 23:15:33.575480
Loss | Marginal 3.329E-02, Fitness 2.458E-01, Cat. skew -7.471E-03; Total 1.910E+00
----------
Iter 520/999 at 2021-02-23 23:15:33.698795
Loss | Marginal 3.329E-02, Fitness 2.458E-01, Cat. skew -7.471E-03; Total 1.910E+00
----------
Iter 521/999 at 2021-02-23 23:15:33.822648
Loss | Marginal 3.329E-02, Fitness 2.458E-01, Cat. skew -7.472E-03; Total 1.910E+00
----------
Iter 522/999 at 2021-02-23 23:15:33.946309
Loss | Marginal 3.329E-02, Fitness 2.457E-01, Cat. skew -7.472E-03; Total 1.910E+00
----------
Iter 523/999 at 2021-02-23 23:15:34.069283
Loss | Marginal 3.329E-02, Fitness 2.458E-01, Cat. skew -7.473E-03; Total 1.910E+00
----------
Iter 524/999 at 2021-02-23 23:15:34.206695
Loss | Marginal 3.329E-02, Fitness 2.458E-01, Cat. skew -7.473E-03; Total 1.910E+00
----------
Iter 525/999 at 2021-02-23 23:15:34.340014
Loss | Marginal 3.329E-02, Fitness 2.458E-01, Cat. skew -7.474E-03; Total 1.910E+00
----------
Iter 526/999 at 2021-02-23 23:15:34.463987
Loss | Marginal 3.329E-02, Fitness 2.457E-01, Cat. skew -7.474E-03; Total 1.910E+00
----------
Iter 527/999 at 2021-02-23 23:15:34.587545
Loss | Marginal 3.329E-02, Fitness 2.456E-01, Cat. skew -7.475E-03; Total 1.910E+00
----------
Iter 528/999 at 2021-02-23 23:15:34.711382
Loss | Marginal 3.329E-02, Fitness 2.455E-01, Cat. skew -7.475E-03; Total 1.910E+00
----------
Iter 529/999 at 2021-02-23 23:15:34.836054
Loss | Marginal 3.329E-02, Fitness 2.455E-01, Cat. skew -7.475E-03; Total 1.910E+00
----------
Iter 530/999 at 2021-02-23 23:15:34.959513
Loss | Marginal 3.329E-02, Fitness 2.455E-01, Cat. skew -7.476E-03; Total 1.910E+00
----------
Iter 531/999 at 2021-02-23 23:15:35.089109
Loss | Marginal 3.329E-02, Fitness 2.455E-01, Cat. skew -7.476E-03; Total 1.910E+00
----------
Iter 532/999 at 2021-02-23 23:15:35.215004
Loss | Marginal 3.329E-02, Fitness 2.455E-01, Cat. skew -7.477E-03; Total 1.910E+00
----------
Iter 533/999 at 2021-02-23 23:15:35.346992
Loss | Marginal 3.328E-02, Fitness 2.455E-01, Cat. skew -7.477E-03; Total 1.910E+00
----------
Iter 534/999 at 2021-02-23 23:15:35.480383
Loss | Marginal 3.328E-02, Fitness 2.453E-01, Cat. skew -7.478E-03; Total 1.909E+00
----------
Iter 535/999 at 2021-02-23 23:15:35.607236
Loss | Marginal 3.328E-02, Fitness 2.452E-01, Cat. skew -7.478E-03; Total 1.909E+00
----------
Iter 536/999 at 2021-02-23 23:15:35.733323
Loss | Marginal 3.328E-02, Fitness 2.452E-01, Cat. skew -7.478E-03; Total 1.909E+00
----------
Iter 537/999 at 2021-02-23 23:15:35.858038
Loss | Marginal 3.328E-02, Fitness 2.453E-01, Cat. skew -7.479E-03; Total 1.909E+00
----------
Iter 538/999 at 2021-02-23 23:15:35.982230
Loss | Marginal 3.328E-02, Fitness 2.452E-01, Cat. skew -7.479E-03; Total 1.909E+00
----------
Iter 539/999 at 2021-02-23 23:15:36.106718
Loss | Marginal 3.328E-02, Fitness 2.452E-01, Cat. skew -7.479E-03; Total 1.909E+00
----------
Iter 540/999 at 2021-02-23 23:15:36.229925
Loss | Marginal 3.328E-02, Fitness 2.451E-01, Cat. skew -7.480E-03; Total 1.909E+00
----------
Iter 541/999 at 2021-02-23 23:15:36.355244
Loss | Marginal 3.328E-02, Fitness 2.451E-01, Cat. skew -7.480E-03; Total 1.909E+00
----------
Iter 542/999 at 2021-02-23 23:15:36.479283
Loss | Marginal 3.328E-02, Fitness 2.450E-01, Cat. skew -7.481E-03; Total 1.909E+00
----------
Iter 543/999 at 2021-02-23 23:15:36.607246
Loss | Marginal 3.328E-02, Fitness 2.450E-01, Cat. skew -7.481E-03; Total 1.909E+00
----------
Iter 544/999 at 2021-02-23 23:15:36.730856
Loss | Marginal 3.328E-02, Fitness 2.450E-01, Cat. skew -7.481E-03; Total 1.909E+00
----------
Iter 545/999 at 2021-02-23 23:15:36.854646
Loss | Marginal 3.328E-02, Fitness 2.451E-01, Cat. skew -7.482E-03; Total 1.909E+00
----------
Iter 546/999 at 2021-02-23 23:15:36.978834
Loss | Marginal 3.328E-02, Fitness 2.450E-01, Cat. skew -7.482E-03; Total 1.909E+00
----------
Iter 547/999 at 2021-02-23 23:15:37.103056
Loss | Marginal 3.328E-02, Fitness 2.450E-01, Cat. skew -7.483E-03; Total 1.909E+00
----------
Iter 548/999 at 2021-02-23 23:15:37.226456
Loss | Marginal 3.328E-02, Fitness 2.450E-01, Cat. skew -7.483E-03; Total 1.909E+00
----------
Iter 549/999 at 2021-02-23 23:15:37.357983
Loss | Marginal 3.328E-02, Fitness 2.449E-01, Cat. skew -7.484E-03; Total 1.909E+00
----------
Iter 550/999 at 2021-02-23 23:15:37.487019
Loss | Marginal 3.328E-02, Fitness 2.449E-01, Cat. skew -7.484E-03; Total 1.909E+00
----------
Iter 551/999 at 2021-02-23 23:15:37.615871
Loss | Marginal 3.328E-02, Fitness 2.448E-01, Cat. skew -7.485E-03; Total 1.909E+00
----------
Iter 552/999 at 2021-02-23 23:15:37.743008
Loss | Marginal 3.327E-02, Fitness 2.448E-01, Cat. skew -7.485E-03; Total 1.908E+00
----------
Iter 553/999 at 2021-02-23 23:15:37.869626
Loss | Marginal 3.327E-02, Fitness 2.448E-01, Cat. skew -7.485E-03; Total 1.908E+00
----------
Iter 554/999 at 2021-02-23 23:15:37.992321
Loss | Marginal 3.327E-02, Fitness 2.449E-01, Cat. skew -7.486E-03; Total 1.908E+00
----------
Iter 555/999 at 2021-02-23 23:15:38.115813
Loss | Marginal 3.327E-02, Fitness 2.448E-01, Cat. skew -7.486E-03; Total 1.908E+00
----------
Iter 556/999 at 2021-02-23 23:15:38.238909
Loss | Marginal 3.327E-02, Fitness 2.447E-01, Cat. skew -7.487E-03; Total 1.908E+00
----------
Iter 557/999 at 2021-02-23 23:15:38.363874
Loss | Marginal 3.327E-02, Fitness 2.445E-01, Cat. skew -7.487E-03; Total 1.908E+00
----------
Iter 558/999 at 2021-02-23 23:15:38.490703
Loss | Marginal 3.327E-02, Fitness 2.444E-01, Cat. skew -7.487E-03; Total 1.908E+00
----------
Iter 559/999 at 2021-02-23 23:15:38.615865
Loss | Marginal 3.327E-02, Fitness 2.444E-01, Cat. skew -7.487E-03; Total 1.908E+00
----------
Iter 560/999 at 2021-02-23 23:15:38.739222
Loss | Marginal 3.327E-02, Fitness 2.446E-01, Cat. skew -7.488E-03; Total 1.908E+00
----------
Iter 561/999 at 2021-02-23 23:15:38.864355
Loss | Marginal 3.327E-02, Fitness 2.445E-01, Cat. skew -7.488E-03; Total 1.908E+00
----------
Iter 562/999 at 2021-02-23 23:15:38.994238
Loss | Marginal 3.327E-02, Fitness 2.445E-01, Cat. skew -7.489E-03; Total 1.908E+00
----------
Iter 563/999 at 2021-02-23 23:15:39.117847
Loss | Marginal 3.327E-02, Fitness 2.446E-01, Cat. skew -7.489E-03; Total 1.908E+00
----------
Iter 564/999 at 2021-02-23 23:15:39.243939
Loss | Marginal 3.327E-02, Fitness 2.445E-01, Cat. skew -7.489E-03; Total 1.908E+00
----------
Iter 565/999 at 2021-02-23 23:15:39.369215
Loss | Marginal 3.327E-02, Fitness 2.445E-01, Cat. skew -7.490E-03; Total 1.908E+00
----------
Iter 566/999 at 2021-02-23 23:15:39.492864
Loss | Marginal 3.327E-02, Fitness 2.445E-01, Cat. skew -7.490E-03; Total 1.908E+00
----------
Iter 567/999 at 2021-02-23 23:15:39.616804
Loss | Marginal 3.327E-02, Fitness 2.444E-01, Cat. skew -7.490E-03; Total 1.908E+00
----------
Iter 568/999 at 2021-02-23 23:15:39.741047
Loss | Marginal 3.327E-02, Fitness 2.445E-01, Cat. skew -7.491E-03; Total 1.908E+00
----------
Iter 569/999 at 2021-02-23 23:15:39.865198
Loss | Marginal 3.327E-02, Fitness 2.443E-01, Cat. skew -7.491E-03; Total 1.908E+00
----------
Iter 570/999 at 2021-02-23 23:15:39.989390
Loss | Marginal 3.327E-02, Fitness 2.443E-01, Cat. skew -7.492E-03; Total 1.908E+00
----------
Iter 571/999 at 2021-02-23 23:15:40.114208
Loss | Marginal 3.327E-02, Fitness 2.440E-01, Cat. skew -7.492E-03; Total 1.907E+00
----------
Iter 572/999 at 2021-02-23 23:15:40.241091
Loss | Marginal 3.327E-02, Fitness 2.441E-01, Cat. skew -7.493E-03; Total 1.907E+00
----------
Iter 573/999 at 2021-02-23 23:15:40.365928
Loss | Marginal 3.327E-02, Fitness 2.440E-01, Cat. skew -7.493E-03; Total 1.907E+00
----------
Iter 574/999 at 2021-02-23 23:15:40.490227
Loss | Marginal 3.326E-02, Fitness 2.441E-01, Cat. skew -7.493E-03; Total 1.907E+00
----------
Iter 575/999 at 2021-02-23 23:15:40.619418
Loss | Marginal 3.326E-02, Fitness 2.442E-01, Cat. skew -7.493E-03; Total 1.907E+00
----------
Iter 576/999 at 2021-02-23 23:15:40.747946
Loss | Marginal 3.326E-02, Fitness 2.443E-01, Cat. skew -7.493E-03; Total 1.907E+00
----------
Iter 577/999 at 2021-02-23 23:15:40.875169
Loss | Marginal 3.326E-02, Fitness 2.441E-01, Cat. skew -7.494E-03; Total 1.907E+00
----------
Iter 578/999 at 2021-02-23 23:15:41.001883
Loss | Marginal 3.326E-02, Fitness 2.441E-01, Cat. skew -7.494E-03; Total 1.907E+00
----------
Iter 579/999 at 2021-02-23 23:15:41.127599
Loss | Marginal 3.326E-02, Fitness 2.441E-01, Cat. skew -7.494E-03; Total 1.907E+00
----------
Iter 580/999 at 2021-02-23 23:15:41.252442
Loss | Marginal 3.326E-02, Fitness 2.439E-01, Cat. skew -7.495E-03; Total 1.907E+00
----------
Iter 581/999 at 2021-02-23 23:15:41.379237
Loss | Marginal 3.326E-02, Fitness 2.439E-01, Cat. skew -7.495E-03; Total 1.907E+00
----------
Iter 582/999 at 2021-02-23 23:15:41.505959
Loss | Marginal 3.326E-02, Fitness 2.439E-01, Cat. skew -7.496E-03; Total 1.907E+00
----------
Iter 583/999 at 2021-02-23 23:15:41.633034
Loss | Marginal 3.326E-02, Fitness 2.437E-01, Cat. skew -7.496E-03; Total 1.907E+00
----------
Iter 584/999 at 2021-02-23 23:15:41.757767
Loss | Marginal 3.326E-02, Fitness 2.437E-01, Cat. skew -7.497E-03; Total 1.907E+00
----------
Iter 585/999 at 2021-02-23 23:15:41.883092
Loss | Marginal 3.326E-02, Fitness 2.438E-01, Cat. skew -7.497E-03; Total 1.907E+00
----------
Iter 586/999 at 2021-02-23 23:15:42.010328
Loss | Marginal 3.326E-02, Fitness 2.438E-01, Cat. skew -7.497E-03; Total 1.907E+00
----------
Iter 587/999 at 2021-02-23 23:15:42.135496
Loss | Marginal 3.326E-02, Fitness 2.437E-01, Cat. skew -7.497E-03; Total 1.907E+00
----------
Iter 588/999 at 2021-02-23 23:15:42.267642
Loss | Marginal 3.326E-02, Fitness 2.438E-01, Cat. skew -7.498E-03; Total 1.907E+00
----------
Iter 589/999 at 2021-02-23 23:15:42.392178
Loss | Marginal 3.326E-02, Fitness 2.438E-01, Cat. skew -7.498E-03; Total 1.907E+00
----------
Iter 590/999 at 2021-02-23 23:15:42.524412
Loss | Marginal 3.326E-02, Fitness 2.436E-01, Cat. skew -7.498E-03; Total 1.906E+00
----------
Iter 591/999 at 2021-02-23 23:15:42.653874
Loss | Marginal 3.326E-02, Fitness 2.436E-01, Cat. skew -7.498E-03; Total 1.906E+00
----------
Iter 592/999 at 2021-02-23 23:15:42.779038
Loss | Marginal 3.326E-02, Fitness 2.435E-01, Cat. skew -7.499E-03; Total 1.906E+00
----------
Iter 593/999 at 2021-02-23 23:15:42.906357
Loss | Marginal 3.326E-02, Fitness 2.435E-01, Cat. skew -7.499E-03; Total 1.906E+00
----------
Iter 594/999 at 2021-02-23 23:15:43.032787
Loss | Marginal 3.326E-02, Fitness 2.436E-01, Cat. skew -7.499E-03; Total 1.906E+00
----------
Iter 595/999 at 2021-02-23 23:15:43.158987
Loss | Marginal 3.326E-02, Fitness 2.435E-01, Cat. skew -7.500E-03; Total 1.906E+00
----------
Iter 596/999 at 2021-02-23 23:15:43.285167
Loss | Marginal 3.326E-02, Fitness 2.435E-01, Cat. skew -7.500E-03; Total 1.906E+00
----------
Iter 597/999 at 2021-02-23 23:15:43.412142
Loss | Marginal 3.326E-02, Fitness 2.435E-01, Cat. skew -7.500E-03; Total 1.906E+00
----------
Iter 598/999 at 2021-02-23 23:15:43.536554
Loss | Marginal 3.326E-02, Fitness 2.434E-01, Cat. skew -7.501E-03; Total 1.906E+00
----------
Iter 599/999 at 2021-02-23 23:15:43.660348
Loss | Marginal 3.326E-02, Fitness 2.433E-01, Cat. skew -7.501E-03; Total 1.906E+00
----------
Iter 600/999 at 2021-02-23 23:15:43.784784
Loss | Marginal 3.325E-02, Fitness 2.435E-01, Cat. skew -7.501E-03; Total 1.906E+00
----------
Iter 601/999 at 2021-02-23 23:15:43.914924
Loss | Marginal 3.325E-02, Fitness 2.434E-01, Cat. skew -7.502E-03; Total 1.906E+00
----------
Iter 602/999 at 2021-02-23 23:15:44.044089
Loss | Marginal 3.325E-02, Fitness 2.431E-01, Cat. skew -7.502E-03; Total 1.906E+00
----------
Iter 603/999 at 2021-02-23 23:15:44.171087
Loss | Marginal 3.325E-02, Fitness 2.431E-01, Cat. skew -7.502E-03; Total 1.906E+00
----------
Iter 604/999 at 2021-02-23 23:15:44.297983
Loss | Marginal 3.325E-02, Fitness 2.432E-01, Cat. skew -7.503E-03; Total 1.906E+00
----------
Iter 605/999 at 2021-02-23 23:15:44.429135
Loss | Marginal 3.325E-02, Fitness 2.433E-01, Cat. skew -7.503E-03; Total 1.906E+00
----------
Iter 606/999 at 2021-02-23 23:15:44.558127
Loss | Marginal 3.325E-02, Fitness 2.433E-01, Cat. skew -7.503E-03; Total 1.906E+00
----------
Iter 607/999 at 2021-02-23 23:15:44.685888
Loss | Marginal 3.325E-02, Fitness 2.433E-01, Cat. skew -7.503E-03; Total 1.906E+00
----------
Iter 608/999 at 2021-02-23 23:15:44.815756
Loss | Marginal 3.325E-02, Fitness 2.431E-01, Cat. skew -7.503E-03; Total 1.906E+00
----------
Iter 609/999 at 2021-02-23 23:15:44.943741
Loss | Marginal 3.325E-02, Fitness 2.431E-01, Cat. skew -7.504E-03; Total 1.906E+00
----------
Iter 610/999 at 2021-02-23 23:15:45.073075
Loss | Marginal 3.325E-02, Fitness 2.431E-01, Cat. skew -7.504E-03; Total 1.906E+00
----------
Iter 611/999 at 2021-02-23 23:15:45.202648
Loss | Marginal 3.325E-02, Fitness 2.430E-01, Cat. skew -7.504E-03; Total 1.905E+00
----------
Iter 612/999 at 2021-02-23 23:15:45.333367
Loss | Marginal 3.325E-02, Fitness 2.429E-01, Cat. skew -7.505E-03; Total 1.905E+00
----------
Iter 613/999 at 2021-02-23 23:15:45.462559
Loss | Marginal 3.325E-02, Fitness 2.430E-01, Cat. skew -7.505E-03; Total 1.905E+00
----------
Iter 614/999 at 2021-02-23 23:15:45.589466
Loss | Marginal 3.325E-02, Fitness 2.432E-01, Cat. skew -7.505E-03; Total 1.906E+00
----------
Iter 615/999 at 2021-02-23 23:15:45.714254
Loss | Marginal 3.325E-02, Fitness 2.428E-01, Cat. skew -7.506E-03; Total 1.905E+00
----------
Iter 616/999 at 2021-02-23 23:15:45.841100
Loss | Marginal 3.325E-02, Fitness 2.430E-01, Cat. skew -7.506E-03; Total 1.905E+00
----------
Iter 617/999 at 2021-02-23 23:15:45.968877
Loss | Marginal 3.325E-02, Fitness 2.429E-01, Cat. skew -7.506E-03; Total 1.905E+00
----------
Iter 618/999 at 2021-02-23 23:15:46.100762
Loss | Marginal 3.325E-02, Fitness 2.428E-01, Cat. skew -7.506E-03; Total 1.905E+00
----------
Iter 619/999 at 2021-02-23 23:15:46.228322
Loss | Marginal 3.325E-02, Fitness 2.428E-01, Cat. skew -7.507E-03; Total 1.905E+00
----------
Iter 620/999 at 2021-02-23 23:15:46.366725
Loss | Marginal 3.325E-02, Fitness 2.429E-01, Cat. skew -7.507E-03; Total 1.905E+00
----------
Iter 621/999 at 2021-02-23 23:15:46.498273
Loss | Marginal 3.325E-02, Fitness 2.427E-01, Cat. skew -7.507E-03; Total 1.905E+00
----------
Iter 622/999 at 2021-02-23 23:15:46.623167
Loss | Marginal 3.325E-02, Fitness 2.427E-01, Cat. skew -7.507E-03; Total 1.905E+00
----------
Iter 623/999 at 2021-02-23 23:15:46.748121
Loss | Marginal 3.325E-02, Fitness 2.427E-01, Cat. skew -7.508E-03; Total 1.905E+00
----------
Iter 624/999 at 2021-02-23 23:15:46.880411
Loss | Marginal 3.325E-02, Fitness 2.426E-01, Cat. skew -7.508E-03; Total 1.905E+00
----------
Iter 625/999 at 2021-02-23 23:15:47.009723
Loss | Marginal 3.325E-02, Fitness 2.426E-01, Cat. skew -7.508E-03; Total 1.905E+00
----------
Iter 626/999 at 2021-02-23 23:15:47.134797
Loss | Marginal 3.325E-02, Fitness 2.426E-01, Cat. skew -7.508E-03; Total 1.905E+00
----------
Iter 627/999 at 2021-02-23 23:15:47.262365
Loss | Marginal 3.325E-02, Fitness 2.428E-01, Cat. skew -7.509E-03; Total 1.905E+00
----------
Iter 628/999 at 2021-02-23 23:15:47.390181
Loss | Marginal 3.325E-02, Fitness 2.427E-01, Cat. skew -7.509E-03; Total 1.905E+00
----------
Iter 629/999 at 2021-02-23 23:15:47.514725
Loss | Marginal 3.325E-02, Fitness 2.428E-01, Cat. skew -7.509E-03; Total 1.905E+00
----------
Iter 630/999 at 2021-02-23 23:15:47.641672
Loss | Marginal 3.325E-02, Fitness 2.424E-01, Cat. skew -7.510E-03; Total 1.905E+00
----------
Iter 631/999 at 2021-02-23 23:15:47.769501
Loss | Marginal 3.324E-02, Fitness 2.425E-01, Cat. skew -7.510E-03; Total 1.905E+00
----------
Iter 632/999 at 2021-02-23 23:15:47.896817
Loss | Marginal 3.325E-02, Fitness 2.424E-01, Cat. skew -7.510E-03; Total 1.905E+00
----------
Iter 633/999 at 2021-02-23 23:15:48.022209
Loss | Marginal 3.325E-02, Fitness 2.424E-01, Cat. skew -7.510E-03; Total 1.905E+00
----------
Iter 634/999 at 2021-02-23 23:15:48.146858
Loss | Marginal 3.325E-02, Fitness 2.423E-01, Cat. skew -7.511E-03; Total 1.904E+00
----------
Iter 635/999 at 2021-02-23 23:15:48.271114
Loss | Marginal 3.325E-02, Fitness 2.422E-01, Cat. skew -7.511E-03; Total 1.904E+00
----------
Iter 636/999 at 2021-02-23 23:15:48.398047
Loss | Marginal 3.324E-02, Fitness 2.423E-01, Cat. skew -7.511E-03; Total 1.904E+00
----------
Iter 637/999 at 2021-02-23 23:15:48.529293
Loss | Marginal 3.324E-02, Fitness 2.424E-01, Cat. skew -7.511E-03; Total 1.904E+00
----------
Iter 638/999 at 2021-02-23 23:15:48.659598
Loss | Marginal 3.324E-02, Fitness 2.425E-01, Cat. skew -7.512E-03; Total 1.905E+00
----------
Iter 639/999 at 2021-02-23 23:15:48.784028
Loss | Marginal 3.324E-02, Fitness 2.425E-01, Cat. skew -7.512E-03; Total 1.904E+00
----------
Iter 640/999 at 2021-02-23 23:15:48.910619
Loss | Marginal 3.324E-02, Fitness 2.424E-01, Cat. skew -7.512E-03; Total 1.904E+00
----------
Iter 641/999 at 2021-02-23 23:15:49.035002
Loss | Marginal 3.324E-02, Fitness 2.422E-01, Cat. skew -7.512E-03; Total 1.904E+00
----------
Iter 642/999 at 2021-02-23 23:15:49.159196
Loss | Marginal 3.324E-02, Fitness 2.420E-01, Cat. skew -7.513E-03; Total 1.904E+00
----------
Iter 643/999 at 2021-02-23 23:15:49.284160
Loss | Marginal 3.324E-02, Fitness 2.420E-01, Cat. skew -7.513E-03; Total 1.904E+00
----------
Iter 644/999 at 2021-02-23 23:15:49.409483
Loss | Marginal 3.324E-02, Fitness 2.422E-01, Cat. skew -7.514E-03; Total 1.904E+00
----------
Iter 645/999 at 2021-02-23 23:15:49.534209
Loss | Marginal 3.324E-02, Fitness 2.420E-01, Cat. skew -7.514E-03; Total 1.904E+00
----------
Iter 646/999 at 2021-02-23 23:15:49.658310
Loss | Marginal 3.324E-02, Fitness 2.418E-01, Cat. skew -7.514E-03; Total 1.904E+00
----------
Iter 647/999 at 2021-02-23 23:15:49.782889
Loss | Marginal 3.324E-02, Fitness 2.420E-01, Cat. skew -7.514E-03; Total 1.904E+00
----------
Iter 648/999 at 2021-02-23 23:15:49.907828
Loss | Marginal 3.324E-02, Fitness 2.422E-01, Cat. skew -7.514E-03; Total 1.904E+00
----------
Iter 649/999 at 2021-02-23 23:15:50.032411
Loss | Marginal 3.324E-02, Fitness 2.422E-01, Cat. skew -7.514E-03; Total 1.904E+00
----------
Iter 650/999 at 2021-02-23 23:15:50.157064
Loss | Marginal 3.324E-02, Fitness 2.419E-01, Cat. skew -7.514E-03; Total 1.904E+00
----------
Iter 651/999 at 2021-02-23 23:15:50.284480
Loss | Marginal 3.324E-02, Fitness 2.418E-01, Cat. skew -7.515E-03; Total 1.904E+00
----------
Iter 652/999 at 2021-02-23 23:15:50.412734
Loss | Marginal 3.324E-02, Fitness 2.419E-01, Cat. skew -7.515E-03; Total 1.904E+00
----------
Iter 653/999 at 2021-02-23 23:15:50.540828
Loss | Marginal 3.324E-02, Fitness 2.419E-01, Cat. skew -7.515E-03; Total 1.904E+00
----------
Iter 654/999 at 2021-02-23 23:15:50.673128
Loss | Marginal 3.324E-02, Fitness 2.420E-01, Cat. skew -7.516E-03; Total 1.904E+00
----------
Iter 655/999 at 2021-02-23 23:15:50.798917
Loss | Marginal 3.324E-02, Fitness 2.417E-01, Cat. skew -7.516E-03; Total 1.904E+00
----------
Iter 656/999 at 2021-02-23 23:15:50.925147
Loss | Marginal 3.324E-02, Fitness 2.417E-01, Cat. skew -7.516E-03; Total 1.904E+00
----------
Iter 657/999 at 2021-02-23 23:15:51.054865
Loss | Marginal 3.324E-02, Fitness 2.417E-01, Cat. skew -7.516E-03; Total 1.904E+00
----------
Iter 658/999 at 2021-02-23 23:15:51.188361
Loss | Marginal 3.324E-02, Fitness 2.417E-01, Cat. skew -7.517E-03; Total 1.904E+00
----------
Iter 659/999 at 2021-02-23 23:15:51.317189
Loss | Marginal 3.324E-02, Fitness 2.417E-01, Cat. skew -7.517E-03; Total 1.904E+00
----------
Iter 660/999 at 2021-02-23 23:15:51.443049
Loss | Marginal 3.324E-02, Fitness 2.417E-01, Cat. skew -7.517E-03; Total 1.904E+00
----------
Iter 661/999 at 2021-02-23 23:15:51.567031
Loss | Marginal 3.324E-02, Fitness 2.418E-01, Cat. skew -7.517E-03; Total 1.904E+00
----------
Iter 662/999 at 2021-02-23 23:15:51.693175
Loss | Marginal 3.324E-02, Fitness 2.416E-01, Cat. skew -7.518E-03; Total 1.903E+00
----------
Iter 663/999 at 2021-02-23 23:15:51.817650
Loss | Marginal 3.324E-02, Fitness 2.415E-01, Cat. skew -7.518E-03; Total 1.903E+00
----------
Iter 664/999 at 2021-02-23 23:15:51.946012
Loss | Marginal 3.324E-02, Fitness 2.414E-01, Cat. skew -7.518E-03; Total 1.903E+00
----------
Iter 665/999 at 2021-02-23 23:15:52.073069
Loss | Marginal 3.324E-02, Fitness 2.413E-01, Cat. skew -7.518E-03; Total 1.903E+00
----------
Iter 666/999 at 2021-02-23 23:15:52.201261
Loss | Marginal 3.324E-02, Fitness 2.417E-01, Cat. skew -7.518E-03; Total 1.904E+00
----------
Iter 667/999 at 2021-02-23 23:15:52.331349
Loss | Marginal 3.324E-02, Fitness 2.416E-01, Cat. skew -7.518E-03; Total 1.903E+00
----------
Iter 668/999 at 2021-02-23 23:15:52.464459
Loss | Marginal 3.324E-02, Fitness 2.414E-01, Cat. skew -7.519E-03; Total 1.903E+00
----------
Iter 669/999 at 2021-02-23 23:15:52.591510
Loss | Marginal 3.324E-02, Fitness 2.413E-01, Cat. skew -7.519E-03; Total 1.903E+00
----------
Iter 670/999 at 2021-02-23 23:15:52.716561
Loss | Marginal 3.324E-02, Fitness 2.415E-01, Cat. skew -7.519E-03; Total 1.903E+00
----------
Iter 671/999 at 2021-02-23 23:15:52.843570
Loss | Marginal 3.324E-02, Fitness 2.412E-01, Cat. skew -7.520E-03; Total 1.903E+00
----------
Iter 672/999 at 2021-02-23 23:15:52.972818
Loss | Marginal 3.324E-02, Fitness 2.411E-01, Cat. skew -7.520E-03; Total 1.903E+00
----------
Iter 673/999 at 2021-02-23 23:15:53.101078
Loss | Marginal 3.324E-02, Fitness 2.412E-01, Cat. skew -7.520E-03; Total 1.903E+00
----------
Iter 674/999 at 2021-02-23 23:15:53.225380
Loss | Marginal 3.324E-02, Fitness 2.416E-01, Cat. skew -7.520E-03; Total 1.903E+00
----------
Iter 675/999 at 2021-02-23 23:15:53.349927
Loss | Marginal 3.324E-02, Fitness 2.412E-01, Cat. skew -7.521E-03; Total 1.903E+00
----------
Iter 676/999 at 2021-02-23 23:15:53.473936
Loss | Marginal 3.323E-02, Fitness 2.411E-01, Cat. skew -7.521E-03; Total 1.903E+00
----------
Iter 677/999 at 2021-02-23 23:15:53.600701
Loss | Marginal 3.323E-02, Fitness 2.411E-01, Cat. skew -7.521E-03; Total 1.903E+00
----------
Iter 678/999 at 2021-02-23 23:15:53.724749
Loss | Marginal 3.323E-02, Fitness 2.411E-01, Cat. skew -7.521E-03; Total 1.903E+00
----------
Iter 679/999 at 2021-02-23 23:15:53.848128
Loss | Marginal 3.323E-02, Fitness 2.413E-01, Cat. skew -7.521E-03; Total 1.903E+00
----------
Iter 680/999 at 2021-02-23 23:15:53.971079
Loss | Marginal 3.323E-02, Fitness 2.410E-01, Cat. skew -7.521E-03; Total 1.903E+00
----------
Iter 681/999 at 2021-02-23 23:15:54.095099
Loss | Marginal 3.323E-02, Fitness 2.410E-01, Cat. skew -7.522E-03; Total 1.903E+00
----------
Iter 682/999 at 2021-02-23 23:15:54.221131
Loss | Marginal 3.323E-02, Fitness 2.410E-01, Cat. skew -7.522E-03; Total 1.903E+00
----------
Iter 683/999 at 2021-02-23 23:15:54.348925
Loss | Marginal 3.323E-02, Fitness 2.410E-01, Cat. skew -7.522E-03; Total 1.903E+00
----------
Iter 684/999 at 2021-02-23 23:15:54.479578
Loss | Marginal 3.323E-02, Fitness 2.408E-01, Cat. skew -7.523E-03; Total 1.902E+00
----------
Iter 685/999 at 2021-02-23 23:15:54.604840
Loss | Marginal 3.323E-02, Fitness 2.409E-01, Cat. skew -7.523E-03; Total 1.903E+00
----------
Iter 686/999 at 2021-02-23 23:15:54.738282
Loss | Marginal 3.323E-02, Fitness 2.409E-01, Cat. skew -7.523E-03; Total 1.902E+00
----------
Iter 687/999 at 2021-02-23 23:15:54.864849
Loss | Marginal 3.323E-02, Fitness 2.411E-01, Cat. skew -7.523E-03; Total 1.903E+00
----------
Iter 688/999 at 2021-02-23 23:15:54.990473
Loss | Marginal 3.323E-02, Fitness 2.407E-01, Cat. skew -7.523E-03; Total 1.902E+00
----------
Iter 689/999 at 2021-02-23 23:15:55.124211
Loss | Marginal 3.323E-02, Fitness 2.409E-01, Cat. skew -7.524E-03; Total 1.902E+00
----------
Iter 690/999 at 2021-02-23 23:15:55.257020
Loss | Marginal 3.323E-02, Fitness 2.408E-01, Cat. skew -7.524E-03; Total 1.902E+00
----------
Iter 691/999 at 2021-02-23 23:15:55.387523
Loss | Marginal 3.323E-02, Fitness 2.406E-01, Cat. skew -7.524E-03; Total 1.902E+00
----------
Iter 692/999 at 2021-02-23 23:15:55.514710
Loss | Marginal 3.323E-02, Fitness 2.410E-01, Cat. skew -7.524E-03; Total 1.902E+00
----------
Iter 693/999 at 2021-02-23 23:15:55.641903
Loss | Marginal 3.323E-02, Fitness 2.407E-01, Cat. skew -7.524E-03; Total 1.902E+00
----------
Iter 694/999 at 2021-02-23 23:15:55.768662
Loss | Marginal 3.323E-02, Fitness 2.407E-01, Cat. skew -7.525E-03; Total 1.902E+00
----------
Iter 695/999 at 2021-02-23 23:15:55.896760
Loss | Marginal 3.323E-02, Fitness 2.406E-01, Cat. skew -7.525E-03; Total 1.902E+00
----------
Iter 696/999 at 2021-02-23 23:15:56.021075
Loss | Marginal 3.323E-02, Fitness 2.406E-01, Cat. skew -7.525E-03; Total 1.902E+00
----------
Iter 697/999 at 2021-02-23 23:15:56.146049
Loss | Marginal 3.323E-02, Fitness 2.404E-01, Cat. skew -7.525E-03; Total 1.902E+00
----------
Iter 698/999 at 2021-02-23 23:15:56.270829
Loss | Marginal 3.323E-02, Fitness 2.404E-01, Cat. skew -7.526E-03; Total 1.902E+00
----------
Iter 699/999 at 2021-02-23 23:15:56.396898
